Log file open, 11/23/19 17:29:10
LogWindows: Failed to load 'aqProf.dll' (GetLastError=126)
LogWindows: File 'aqProf.dll' does not exist
LogWindows: Failed to load 'VtuneApi.dll' (GetLastError=126)
LogWindows: File 'VtuneApi.dll' does not exist
LogWindows: Failed to load 'VtuneApi32e.dll' (GetLastError=126)
LogWindows: File 'VtuneApi32e.dll' does not exist
LogConsoleResponse: Display: Failed to find resolution value strings in scalability ini. Falling back to default.
LogInit: Display: Running engine for game: IV_practica
LogPlatformFile: Not using cached read wrapper
LogTaskGraph: Started task graph with 5 named threads and 14 total threads with 3 sets of task threads.
LogStats: Stats thread started at 0.097283
LogD3D11RHI: Loaded GFSDK_Aftermath_Lib.x64.dll
LogICUInternationalization: ICU TimeZone Detection - Raw Offset: +1:00, Platform Override: ''
LogPluginManager: Mounting plugin Paper2D
LogPluginManager: Mounting plugin AISupport
LogPluginManager: Mounting plugin LightPropagationVolume
LogPluginManager: Mounting plugin ActorLayerUtilities
LogPluginManager: Mounting plugin AnimationSharing
LogPluginManager: Mounting plugin CLionSourceCodeAccess
LogPluginManager: Mounting plugin CodeLiteSourceCodeAccess
LogPluginManager: Mounting plugin GitSourceControl
LogPluginManager: Mounting plugin KDevelopSourceCodeAccess
LogPluginManager: Mounting plugin NullSourceCodeAccess
LogPluginManager: Mounting plugin PerforceSourceControl
LogPluginManager: Mounting plugin SubversionSourceControl
LogPluginManager: Mounting plugin UObjectPlugin
LogPluginManager: Mounting plugin VisualStudioCodeSourceCodeAccess
LogPluginManager: Mounting plugin VisualStudioSourceCodeAccess
LogPluginManager: Mounting plugin XCodeSourceCodeAccess
LogPluginManager: Mounting plugin AssetManagerEditor
LogPluginManager: Mounting plugin CryptoKeys
LogPluginManager: Mounting plugin CurveEditorTools
LogPluginManager: Mounting plugin DataValidation
LogPluginManager: Mounting plugin FacialAnimation
LogPluginManager: Mounting plugin GameplayTagsEditor
LogPluginManager: Mounting plugin MacGraphicsSwitching
LogPluginManager: Mounting plugin MaterialAnalyzer
LogPluginManager: Mounting plugin MobileLauncherProfileWizard
LogPluginManager: Mounting plugin PluginBrowser
LogPluginManager: Mounting plugin SpeedTreeImporter
LogPluginManager: Mounting plugin DatasmithContent
LogPluginManager: Mounting plugin VariantManagerContent
LogPluginManager: Mounting plugin AlembicImporter
LogPluginManager: Mounting plugin AutomationUtils
LogPluginManager: Mounting plugin BackChannel
LogPluginManager: Mounting plugin CharacterAI
LogPluginManager: Mounting plugin GeometryCache
LogPluginManager: Mounting plugin HTML5Networking
LogPluginManager: Mounting plugin PlatformCrypto
LogPluginManager: Mounting plugin ProxyLODPlugin
LogPluginManager: Mounting plugin SkeletalReduction
LogPluginManager: Mounting plugin MagicLeap
LogPluginManager: Mounting plugin MagicLeapMedia
LogPluginManager: Mounting plugin AndroidMedia
LogPluginManager: Mounting plugin AvfMedia
LogPluginManager: Mounting plugin ImgMedia
LogPluginManager: Mounting plugin MediaCompositing
LogPluginManager: Mounting plugin MediaPlayerEditor
LogPluginManager: Mounting plugin WebMMedia
LogPluginManager: Mounting plugin WmfMedia
LogPluginManager: Mounting plugin TcpMessaging
LogPluginManager: Mounting plugin UdpMessaging
LogPluginManager: Mounting plugin ActorSequence
LogPluginManager: Mounting plugin LevelSequenceEditor
LogPluginManager: Mounting plugin MatineeToLevelSequence
LogPluginManager: Mounting plugin NetcodeUnitTest
LogPluginManager: Mounting plugin NUTUnrealEngine4
LogPluginManager: Mounting plugin OnlineSubsystemGooglePlay
LogPluginManager: Mounting plugin OnlineSubsystemIOS
LogPluginManager: Mounting plugin OnlineSubsystem
LogPluginManager: Mounting plugin OnlineSubsystemNull
LogPluginManager: Mounting plugin OnlineSubsystemUtils
LogPluginManager: Mounting plugin LauncherChunkInstaller
LogPluginManager: Mounting plugin AndroidDeviceProfileSelector
LogPluginManager: Mounting plugin AndroidMoviePlayer
LogPluginManager: Mounting plugin AndroidPermission
LogPluginManager: Mounting plugin AppleImageUtils
LogPluginManager: Mounting plugin AppleMoviePlayer
LogPluginManager: Mounting plugin ArchVisCharacter
LogPluginManager: Mounting plugin AudioCapture
LogPluginManager: Mounting plugin CableComponent
LogPluginManager: Mounting plugin CustomMeshComponent
LogPluginManager: Mounting plugin EditableMesh
LogPluginManager: Mounting plugin ExampleDeviceProfileSelector
LogPluginManager: Mounting plugin GoogleCloudMessaging
LogPluginManager: Mounting plugin IOSDeviceProfileSelector
LogPluginManager: Mounting plugin LinuxDeviceProfileSelector
LogPluginManager: Mounting plugin LocationServicesBPLibrary
LogPluginManager: Mounting plugin MobilePatchingUtils
LogPluginManager: Mounting plugin OculusVR
LogPluginManager: Mounting plugin PhysXVehicles
LogPluginManager: Mounting plugin ProceduralMeshComponent
LogPluginManager: Mounting plugin RuntimePhysXCooking
LogPluginManager: Mounting plugin SignificanceManager
LogPluginManager: Mounting plugin SteamVR
LogPluginManager: Mounting plugin WebMMoviePlayer
LogPluginManager: Mounting plugin WindowsMoviePlayer
LogPluginManager: Mounting plugin ScreenshotTools
LogInit: Using libcurl 7.55.1-DEV
LogInit:  - built for x86_64-pc-win32
LogInit:  - supports SSL with OpenSSL/1.1.1
LogInit:  - supports HTTP deflate (compression) using libz 1.2.8
LogInit:  - other features:
LogInit:      CURL_VERSION_SSL
LogInit:      CURL_VERSION_LIBZ
LogInit:      CURL_VERSION_IPV6
LogInit:      CURL_VERSION_ASYNCHDNS
LogInit:      CURL_VERSION_LARGEFILE
LogInit:      CURL_VERSION_IDN
LogInit:  CurlRequestOptions (configurable via config and command line):
LogInit:  - bVerifyPeer = true  - Libcurl will verify peer certificate
LogInit:  - bUseHttpProxy = false  - Libcurl will NOT use HTTP proxy
LogInit:  - bDontReuseConnections = false  - Libcurl will reuse connections
LogInit:  - MaxHostConnections = 16  - Libcurl will limit the number of connections to a host
LogInit:  - LocalHostAddr = Default
LogInit:  - BufferSize = 65536
LogOnline: OSS: Creating online subsystem instance for: NULL
LogInit: WinSock: version 1.1 (2.2), MaxSocks=32767, MaxUdp=65467
LogInit: Build: ++UE4+Release-4.23-CL-8386587
LogInit: Engine Version: 4.23.0-8386587+++UE4+Release-4.23
LogInit: Compatible Engine Version: 4.23.0-8386587+++UE4+Release-4.23
LogInit: Net CL: 8386587
LogInit: OS: Windows 10 (Release 1903) (), CPU: Intel(R) Core(TM) i5-7400 CPU @ 3.00GHz, GPU: NVIDIA GeForce GTX 1060 6GB
LogInit: Compiled (64-bit): Aug 31 2019 02:04:44
LogInit: Compiled with Visual C++: 19.16.27030.01
LogInit: Build Configuration: Development
LogInit: Branch Name: ++UE4+Release-4.23
LogInit: Command Line:  -EpicPortal -epicusername=adrvapor -epicuserid=8544499545af4ac982ccdd0d1dfd134f -epiclocale=es-ES
LogInit: Base Directory: C:/Program Files/Epic Games/UE_4.23/Engine/Binaries/Win64/
LogInit: Installed Engine Build: 1
LogDevObjectVersion: Number of dev versions registered: 23
LogDevObjectVersion:   Dev-Blueprints (B0D832E4-1F89-4F0D-ACCF-7EB736FD4AA2): 10
LogDevObjectVersion:   Dev-Build (E1C64328-A22C-4D53-A36C-8E866417BD8C): 0
LogDevObjectVersion:   Dev-Core (375EC13C-06E4-48FB-B500-84F0262A717E): 3
LogDevObjectVersion:   Dev-Editor (E4B068ED-F494-42E9-A231-DA0B2E46BB41): 34
LogDevObjectVersion:   Dev-Framework (CFFC743F-43B0-4480-9391-14DF171D2073): 35
LogDevObjectVersion:   Dev-Mobile (B02B49B5-BB20-44E9-A304-32B752E40360): 2
LogDevObjectVersion:   Dev-Networking (A4E4105C-59A1-49B5-A7C5-40C4547EDFEE): 0
LogDevObjectVersion:   Dev-Online (39C831C9-5AE6-47DC-9A44-9C173E1C8E7C): 0
LogDevObjectVersion:   Dev-Physics (78F01B33-EBEA-4F98-B9B4-84EACCB95AA2): 0
LogDevObjectVersion:   Dev-Platform (6631380F-2D4D-43E0-8009-CF276956A95A): 0
LogDevObjectVersion:   Dev-Rendering (12F88B9F-8875-4AFC-A67C-D90C383ABD29): 31
LogDevObjectVersion:   Dev-Sequencer (7B5AE74C-D270-4C10-A958-57980B212A5A): 11
LogDevObjectVersion:   Dev-VR (D7296918-1DD6-4BDD-9DE2-64A83CC13884): 2
LogDevObjectVersion:   Dev-LoadTimes (C2A15278-BFE7-4AFE-6C17-90FF531DF755): 1
LogDevObjectVersion:   Private-Geometry (6EACA3D4-40EC-4CC1-B786-8BED09428FC5): 3
LogDevObjectVersion:   Dev-AnimPhys (29E575DD-E0A3-4627-9D10-D276232CDCEA): 17
LogDevObjectVersion:   Dev-Anim (AF43A65D-7FD3-4947-9873-3E8ED9C1BB05): 2
LogDevObjectVersion:   Dev-ReflectionCapture (6B266CEC-1EC7-4B8F-A30B-E4D90942FC07): 1
LogDevObjectVersion:   Dev-Automation (0DF73D61-A23F-47EA-B727-89E90C41499A): 1
LogDevObjectVersion:   FortniteMain (601D1886-AC64-4F84-AA16-D3DE0DEAC7D6): 27
LogDevObjectVersion:   Dev-Enterprise (9DFFBCD6-494F-0158-E221-12823C92A888): 6
LogDevObjectVersion:   Dev-Niagara (F2AED0AC-9AFE-416F-8664-AA7FFA26D6FC): 1
LogDevObjectVersion:   Dev-Destruction (174F1F0B-B4C6-45A5-B13F-2EE8D0FB917D): 9
LogInit: Presizing for max 16777216 objects, including 0 objects not considered by GC, pre-allocating 0 bytes for permanent pool.
LogInit: Object subsystem initialized
LogConfig: Setting CVar [[con.DebugEarlyDefault:1]]
LogConfig: Setting CVar [[r.setres:1280x720]]
[2019.11.23-16.29.11:008][  0]LogConfig: Setting CVar [[r.VSync:0]]
[2019.11.23-16.29.11:008][  0]LogConfig: Setting CVar [[r.RHICmdBypass:0]]
[2019.11.23-16.29.11:008][  0]LogConfig: Applying CVar settings from Section [/Script/Engine.RendererSettings] File [C:/Users/adrva/Documents/GitHubProyects/IV_practica/IV_practica/Saved/Config/Windows/Engine.ini]
[2019.11.23-16.29.11:008][  0]LogConfig: Setting CVar [[r.GPUCrashDebugging:0]]
[2019.11.23-16.29.11:008][  0]LogConfig: Applying CVar settings from Section [/Script/Engine.RendererOverrideSettings] File [C:/Users/adrva/Documents/GitHubProyects/IV_practica/IV_practica/Saved/Config/Windows/Engine.ini]
[2019.11.23-16.29.11:008][  0]LogConfig: Applying CVar settings from Section [/Script/Engine.StreamingSettings] File [C:/Users/adrva/Documents/GitHubProyects/IV_practica/IV_practica/Saved/Config/Windows/Engine.ini]
[2019.11.23-16.29.11:008][  0]LogConfig: Setting CVar [[s.MinBulkDataSizeForAsyncLoading:131072]]
[2019.11.23-16.29.11:008][  0]LogConfig: Setting CVar [[s.AsyncLoadingThreadEnabled:0]]
[2019.11.23-16.29.11:008][  0]LogConfig: Setting CVar [[s.EventDrivenLoaderEnabled:1]]
[2019.11.23-16.29.11:008][  0]LogConfig: Setting CVar [[s.WarnIfTimeLimitExceeded:0]]
[2019.11.23-16.29.11:008][  0]LogConfig: Setting CVar [[s.TimeLimitExceededMultiplier:1.5]]
[2019.11.23-16.29.11:008][  0]LogConfig: Setting CVar [[s.TimeLimitExceededMinTime:0.005]]
[2019.11.23-16.29.11:008][  0]LogConfig: Setting CVar [[s.UseBackgroundLevelStreaming:1]]
[2019.11.23-16.29.11:008][  0]LogConfig: Setting CVar [[s.PriorityAsyncLoadingExtraTime:15.0]]
[2019.11.23-16.29.11:008][  0]LogConfig: Setting CVar [[s.LevelStreamingActorsUpdateTimeLimit:5.0]]
[2019.11.23-16.29.11:008][  0]LogConfig: Setting CVar [[s.PriorityLevelStreamingActorsUpdateExtraTime:5.0]]
[2019.11.23-16.29.11:008][  0]LogConfig: Setting CVar [[s.LevelStreamingComponentsRegistrationGranularity:10]]
[2019.11.23-16.29.11:008][  0]LogConfig: Setting CVar [[s.UnregisterComponentsTimeLimit:1.0]]
[2019.11.23-16.29.11:008][  0]LogConfig: Setting CVar [[s.LevelStreamingComponentsUnregistrationGranularity:5]]
[2019.11.23-16.29.11:008][  0]LogConfig: Applying CVar settings from Section [/Script/Engine.GarbageCollectionSettings] File [C:/Users/adrva/Documents/GitHubProyects/IV_practica/IV_practica/Saved/Config/Windows/Engine.ini]
[2019.11.23-16.29.11:008][  0]LogConfig: Setting CVar [[gc.MaxObjectsNotConsideredByGC:1]]
[2019.11.23-16.29.11:008][  0]LogConfig: Setting CVar [[gc.SizeOfPermanentObjectPool:0]]
[2019.11.23-16.29.11:008][  0]LogConfig: Setting CVar [[gc.FlushStreamingOnGC:0]]
[2019.11.23-16.29.11:008][  0]LogConfig: Setting CVar [[gc.NumRetriesBeforeForcingGC:10]]
[2019.11.23-16.29.11:008][  0]LogConfig: Setting CVar [[gc.AllowParallelGC:1]]
[2019.11.23-16.29.11:009][  0]LogConfig: Setting CVar [[gc.TimeBetweenPurgingPendingKillObjects:61.1]]
[2019.11.23-16.29.11:009][  0]LogConfig: Setting CVar [[gc.MaxObjectsInEditor:16777216]]
[2019.11.23-16.29.11:009][  0]LogConfig: Setting CVar [[gc.IncrementalBeginDestroyEnabled:1]]
[2019.11.23-16.29.11:009][  0]LogConfig: Setting CVar [[gc.CreateGCClusters:1]]
[2019.11.23-16.29.11:009][  0]LogConfig: Setting CVar [[gc.MinGCClusterSize:5]]
[2019.11.23-16.29.11:009][  0]LogConfig: Setting CVar [[gc.ActorClusteringEnabled:0]]
[2019.11.23-16.29.11:009][  0]LogConfig: Setting CVar [[gc.BlueprintClusteringEnabled:0]]
[2019.11.23-16.29.11:009][  0]LogConfig: Setting CVar [[gc.UseDisregardForGCOnDedicatedServers:0]]
[2019.11.23-16.29.11:009][  0]LogConfig: Applying CVar settings from Section [/Script/Engine.NetworkSettings] File [C:/Users/adrva/Documents/GitHubProyects/IV_practica/IV_practica/Saved/Config/Windows/Engine.ini]
[2019.11.23-16.29.11:009][  0]LogConfig: Applying CVar settings from Section [/Script/UnrealEd.CookerSettings] File [C:/Users/adrva/Documents/GitHubProyects/IV_practica/IV_practica/Saved/Config/Windows/Engine.ini]
[2019.11.23-16.29.11:011][  0]LogConfig: Applying CVar settings from Section [ViewDistanceQuality@3] File [C:/Users/adrva/Documents/GitHubProyects/IV_practica/IV_practica/Saved/Config/Windows/Scalability.ini]
[2019.11.23-16.29.11:011][  0]LogConfig: Setting CVar [[r.SkeletalMeshLODBias:0]]
[2019.11.23-16.29.11:011][  0]LogConfig: Setting CVar [[r.ViewDistanceScale:1.0]]
[2019.11.23-16.29.11:011][  0]LogConfig: Applying CVar settings from Section [AntiAliasingQuality@3] File [C:/Users/adrva/Documents/GitHubProyects/IV_practica/IV_practica/Saved/Config/Windows/Scalability.ini]
[2019.11.23-16.29.11:011][  0]LogConfig: Setting CVar [[r.PostProcessAAQuality:4]]
[2019.11.23-16.29.11:011][  0]LogConfig: Applying CVar settings from Section [ShadowQuality@3] File [C:/Users/adrva/Documents/GitHubProyects/IV_practica/IV_practica/Saved/Config/Windows/Scalability.ini]
[2019.11.23-16.29.11:011][  0]LogConfig: Setting CVar [[r.LightFunctionQuality:1]]
[2019.11.23-16.29.11:011][  0]LogConfig: Setting CVar [[r.ShadowQuality:5]]
[2019.11.23-16.29.11:011][  0]LogConfig: Setting CVar [[r.Shadow.CSM.MaxCascades:10]]
[2019.11.23-16.29.11:011][  0]LogConfig: Setting CVar [[r.Shadow.MaxResolution:2048]]
[2019.11.23-16.29.11:011][  0]LogConfig: Setting CVar [[r.Shadow.MaxCSMResolution:2048]]
[2019.11.23-16.29.11:011][  0]LogConfig: Setting CVar [[r.Shadow.RadiusThreshold:0.01]]
[2019.11.23-16.29.11:011][  0]LogConfig: Setting CVar [[r.Shadow.DistanceScale:1.0]]
[2019.11.23-16.29.11:011][  0]LogConfig: Setting CVar [[r.Shadow.CSM.TransitionScale:1.0]]
[2019.11.23-16.29.11:011][  0]LogConfig: Setting CVar [[r.Shadow.PreShadowResolutionFactor:1.0]]
[2019.11.23-16.29.11:011][  0]LogConfig: Setting CVar [[r.DistanceFieldShadowing:1]]
[2019.11.23-16.29.11:011][  0]LogConfig: Setting CVar [[r.DistanceFieldAO:1]]
[2019.11.23-16.29.11:011][  0]LogConfig: Setting CVar [[r.AOQuality:2]]
[2019.11.23-16.29.11:011][  0]LogConfig: Setting CVar [[r.VolumetricFog:1]]
[2019.11.23-16.29.11:011][  0]LogConfig: Setting CVar [[r.VolumetricFog.GridPixelSize:8]]
[2019.11.23-16.29.11:011][  0]LogConfig: Setting CVar [[r.VolumetricFog.GridSizeZ:128]]
[2019.11.23-16.29.11:011][  0]LogConfig: Setting CVar [[r.VolumetricFog.HistoryMissSupersampleCount:4]]
[2019.11.23-16.29.11:011][  0]LogConfig: Setting CVar [[r.LightMaxDrawDistanceScale:1]]
[2019.11.23-16.29.11:011][  0]LogConfig: Setting CVar [[r.CapsuleShadows:1]]
[2019.11.23-16.29.11:011][  0]LogConfig: Applying CVar settings from Section [PostProcessQuality@3] File [C:/Users/adrva/Documents/GitHubProyects/IV_practica/IV_practica/Saved/Config/Windows/Scalability.ini]
[2019.11.23-16.29.11:011][  0]LogConfig: Setting CVar [[r.MotionBlurQuality:4]]
[2019.11.23-16.29.11:011][  0]LogConfig: Setting CVar [[r.AmbientOcclusionMipLevelFactor:0.4]]
[2019.11.23-16.29.11:012][  0]LogConfig: Setting CVar [[r.AmbientOcclusionMaxQuality:100]]
[2019.11.23-16.29.11:012][  0]LogConfig: Setting CVar [[r.AmbientOcclusionLevels:-1]]
[2019.11.23-16.29.11:012][  0]LogConfig: Setting CVar [[r.AmbientOcclusionRadiusScale:1.0]]
[2019.11.23-16.29.11:012][  0]LogConfig: Setting CVar [[r.DepthOfFieldQuality:2]]
[2019.11.23-16.29.11:012][  0]LogConfig: Setting CVar [[r.RenderTargetPoolMin:400]]
[2019.11.23-16.29.11:012][  0]LogConfig: Setting CVar [[r.LensFlareQuality:2]]
[2019.11.23-16.29.11:012][  0]LogConfig: Setting CVar [[r.SceneColorFringeQuality:1]]
[2019.11.23-16.29.11:012][  0]LogConfig: Setting CVar [[r.EyeAdaptationQuality:2]]
[2019.11.23-16.29.11:012][  0]LogConfig: Setting CVar [[r.BloomQuality:5]]
[2019.11.23-16.29.11:012][  0]LogConfig: Setting CVar [[r.FastBlurThreshold:100]]
[2019.11.23-16.29.11:012][  0]LogConfig: Setting CVar [[r.Upscale.Quality:3]]
[2019.11.23-16.29.11:012][  0]LogConfig: Setting CVar [[r.Tonemapper.GrainQuantization:1]]
[2019.11.23-16.29.11:012][  0]LogConfig: Setting CVar [[r.LightShaftQuality:1]]
[2019.11.23-16.29.11:012][  0]LogConfig: Setting CVar [[r.Filter.SizeScale:1]]
[2019.11.23-16.29.11:012][  0]LogConfig: Setting CVar [[r.Tonemapper.Quality:5]]
[2019.11.23-16.29.11:012][  0]LogConfig: Setting CVar [[r.DOF.Gather.AccumulatorQuality:1        ; higher gathering accumulator quality]]
[2019.11.23-16.29.11:012][  0]LogConfig: Setting CVar [[r.DOF.Gather.PostfilterMethod:1          ; Median3x3 postfilering method]]
[2019.11.23-16.29.11:012][  0]LogConfig: Setting CVar [[r.DOF.Gather.EnableBokehSettings:0       ; no bokeh simulation when gathering]]
[2019.11.23-16.29.11:012][  0]LogConfig: Setting CVar [[r.DOF.Gather.RingCount:4                 ; medium number of samples when gathering]]
[2019.11.23-16.29.11:012][  0]LogConfig: Setting CVar [[r.DOF.Scatter.ForegroundCompositing:1    ; additive foreground scattering]]
[2019.11.23-16.29.11:012][  0]LogConfig: Setting CVar [[r.DOF.Scatter.BackgroundCompositing:2    ; additive background scattering]]
[2019.11.23-16.29.11:012][  0]LogConfig: Setting CVar [[r.DOF.Scatter.EnableBokehSettings:1      ; bokeh simulation when scattering]]
[2019.11.23-16.29.11:012][  0]LogConfig: Setting CVar [[r.DOF.Scatter.MaxSpriteRatio:0.1         ; only a maximum of 10% of scattered bokeh]]
[2019.11.23-16.29.11:012][  0]LogConfig: Setting CVar [[r.DOF.Recombine.Quality:1                ; cheap slight out of focus]]
[2019.11.23-16.29.11:012][  0]LogConfig: Setting CVar [[r.DOF.Recombine.EnableBokehSettings:0    ; no bokeh simulation on slight out of focus]]
[2019.11.23-16.29.11:012][  0]LogConfig: Setting CVar [[r.DOF.TemporalAAQuality:1                ; more stable temporal accumulation]]
[2019.11.23-16.29.11:012][  0]LogConfig: Setting CVar [[r.DOF.Kernel.MaxForegroundRadius:0.025]]
[2019.11.23-16.29.11:012][  0]LogConfig: Setting CVar [[r.DOF.Kernel.MaxBackgroundRadius:0.025]]
[2019.11.23-16.29.11:012][  0]LogConfig: Applying CVar settings from Section [TextureQuality@3] File [C:/Users/adrva/Documents/GitHubProyects/IV_practica/IV_practica/Saved/Config/Windows/Scalability.ini]
[2019.11.23-16.29.11:012][  0]LogConfig: Setting CVar [[r.Streaming.MipBias:0]]
[2019.11.23-16.29.11:012][  0]LogConfig: Setting CVar [[r.Streaming.AmortizeCPUToGPUCopy:0]]
[2019.11.23-16.29.11:012][  0]LogConfig: Setting CVar [[r.Streaming.MaxNumTexturesToStreamPerFrame:0]]
[2019.11.23-16.29.11:012][  0]LogConfig: Setting CVar [[r.Streaming.Boost:1]]
[2019.11.23-16.29.11:012][  0]LogConfig: Setting CVar [[r.MaxAnisotropy:8]]
[2019.11.23-16.29.11:012][  0]LogConfig: Setting CVar [[r.Streaming.LimitPoolSizeToVRAM:0]]
[2019.11.23-16.29.11:012][  0]LogConfig: Setting CVar [[r.Streaming.PoolSize:1000]]
[2019.11.23-16.29.11:012][  0]LogConfig: Setting CVar [[r.Streaming.MaxEffectiveScreenSize:0]]
[2019.11.23-16.29.11:012][  0]LogConfig: Applying CVar settings from Section [EffectsQuality@3] File [C:/Users/adrva/Documents/GitHubProyects/IV_practica/IV_practica/Saved/Config/Windows/Scalability.ini]
[2019.11.23-16.29.11:012][  0]LogConfig: Setting CVar [[r.TranslucencyLightingVolumeDim:64]]
[2019.11.23-16.29.11:012][  0]LogConfig: Setting CVar [[r.RefractionQuality:2]]
[2019.11.23-16.29.11:012][  0]LogConfig: Setting CVar [[r.SSR.Quality:3]]
[2019.11.23-16.29.11:012][  0]LogConfig: Setting CVar [[r.SceneColorFormat:4]]
[2019.11.23-16.29.11:012][  0]LogConfig: Setting CVar [[r.DetailMode:2]]
[2019.11.23-16.29.11:012][  0]LogConfig: Setting CVar [[r.TranslucencyVolumeBlur:1]]
[2019.11.23-16.29.11:012][  0]LogConfig: Setting CVar [[r.MaterialQualityLevel:1 ; High quality]]
[2019.11.23-16.29.11:012][  0]LogConfig: Setting CVar [[r.SSS.Scale:1]]
[2019.11.23-16.29.11:012][  0]LogConfig: Setting CVar [[r.SSS.SampleSet:2]]
[2019.11.23-16.29.11:012][  0]LogConfig: Setting CVar [[r.SSS.Quality:1]]
[2019.11.23-16.29.11:012][  0]LogConfig: Setting CVar [[r.SSS.HalfRes:1]]
[2019.11.23-16.29.11:012][  0]LogConfig: Setting CVar [[r.EmitterSpawnRateScale:1.0]]
[2019.11.23-16.29.11:012][  0]LogConfig: Setting CVar [[r.ParticleLightQuality:2]]
[2019.11.23-16.29.11:012][  0]LogConfig: Applying CVar settings from Section [FoliageQuality@3] File [C:/Users/adrva/Documents/GitHubProyects/IV_practica/IV_practica/Saved/Config/Windows/Scalability.ini]
[2019.11.23-16.29.11:012][  0]LogConfig: Setting CVar [[foliage.DensityScale:1.0]]
[2019.11.23-16.29.11:012][  0]LogConfig: Setting CVar [[grass.DensityScale:1.0]]
[2019.11.23-16.29.11:013][  0]LogInit: Selected Device Profile: [Windows]
[2019.11.23-16.29.11:013][  0]LogInit: Applying CVar settings loaded from the selected device profile: [Windows]
[2019.11.23-16.29.11:016][  0]LogHAL: Display: Platform has ~ 16 GB [17143197696 / 17179869184 / 16], which maps to Larger [LargestMinGB=32, LargerMinGB=12, DefaultMinGB=8, SmallerMinGB=6, SmallestMinGB=0)
[2019.11.23-16.29.11:016][  0]LogInit: Going up to parent DeviceProfile []
[2019.11.23-16.29.11:016][  0]LogConfig: Applying CVar settings from Section [ViewDistanceQuality@3] File [C:/Users/adrva/Documents/GitHubProyects/IV_practica/IV_practica/Saved/Config/Windows/Scalability.ini]
[2019.11.23-16.29.11:016][  0]LogConfig: Setting CVar [[r.SkeletalMeshLODBias:0]]
[2019.11.23-16.29.11:016][  0]LogConfig: Setting CVar [[r.ViewDistanceScale:1.0]]
[2019.11.23-16.29.11:016][  0]LogConfig: Applying CVar settings from Section [AntiAliasingQuality@3] File [C:/Users/adrva/Documents/GitHubProyects/IV_practica/IV_practica/Saved/Config/Windows/Scalability.ini]
[2019.11.23-16.29.11:016][  0]LogConfig: Setting CVar [[r.PostProcessAAQuality:4]]
[2019.11.23-16.29.11:016][  0]LogConfig: Applying CVar settings from Section [ShadowQuality@3] File [C:/Users/adrva/Documents/GitHubProyects/IV_practica/IV_practica/Saved/Config/Windows/Scalability.ini]
[2019.11.23-16.29.11:016][  0]LogConfig: Setting CVar [[r.LightFunctionQuality:1]]
[2019.11.23-16.29.11:016][  0]LogConfig: Setting CVar [[r.ShadowQuality:5]]
[2019.11.23-16.29.11:016][  0]LogConfig: Setting CVar [[r.Shadow.CSM.MaxCascades:10]]
[2019.11.23-16.29.11:016][  0]LogConfig: Setting CVar [[r.Shadow.MaxResolution:2048]]
[2019.11.23-16.29.11:016][  0]LogConfig: Setting CVar [[r.Shadow.MaxCSMResolution:2048]]
[2019.11.23-16.29.11:016][  0]LogConfig: Setting CVar [[r.Shadow.RadiusThreshold:0.01]]
[2019.11.23-16.29.11:016][  0]LogConfig: Setting CVar [[r.Shadow.DistanceScale:1.0]]
[2019.11.23-16.29.11:016][  0]LogConfig: Setting CVar [[r.Shadow.CSM.TransitionScale:1.0]]
[2019.11.23-16.29.11:016][  0]LogConfig: Setting CVar [[r.Shadow.PreShadowResolutionFactor:1.0]]
[2019.11.23-16.29.11:016][  0]LogConfig: Setting CVar [[r.DistanceFieldShadowing:1]]
[2019.11.23-16.29.11:016][  0]LogConfig: Setting CVar [[r.DistanceFieldAO:1]]
[2019.11.23-16.29.11:016][  0]LogConfig: Setting CVar [[r.AOQuality:2]]
[2019.11.23-16.29.11:016][  0]LogConfig: Setting CVar [[r.VolumetricFog:1]]
[2019.11.23-16.29.11:016][  0]LogConfig: Setting CVar [[r.VolumetricFog.GridPixelSize:8]]
[2019.11.23-16.29.11:016][  0]LogConfig: Setting CVar [[r.VolumetricFog.GridSizeZ:128]]
[2019.11.23-16.29.11:016][  0]LogConfig: Setting CVar [[r.VolumetricFog.HistoryMissSupersampleCount:4]]
[2019.11.23-16.29.11:016][  0]LogConfig: Setting CVar [[r.LightMaxDrawDistanceScale:1]]
[2019.11.23-16.29.11:016][  0]LogConfig: Setting CVar [[r.CapsuleShadows:1]]
[2019.11.23-16.29.11:016][  0]LogConfig: Applying CVar settings from Section [PostProcessQuality@3] File [C:/Users/adrva/Documents/GitHubProyects/IV_practica/IV_practica/Saved/Config/Windows/Scalability.ini]
[2019.11.23-16.29.11:016][  0]LogConfig: Setting CVar [[r.MotionBlurQuality:4]]
[2019.11.23-16.29.11:016][  0]LogConfig: Setting CVar [[r.AmbientOcclusionMipLevelFactor:0.4]]
[2019.11.23-16.29.11:016][  0]LogConfig: Setting CVar [[r.AmbientOcclusionMaxQuality:100]]
[2019.11.23-16.29.11:016][  0]LogConfig: Setting CVar [[r.AmbientOcclusionLevels:-1]]
[2019.11.23-16.29.11:016][  0]LogConfig: Setting CVar [[r.AmbientOcclusionRadiusScale:1.0]]
[2019.11.23-16.29.11:016][  0]LogConfig: Setting CVar [[r.DepthOfFieldQuality:2]]
[2019.11.23-16.29.11:016][  0]LogConfig: Setting CVar [[r.RenderTargetPoolMin:400]]
[2019.11.23-16.29.11:016][  0]LogConfig: Setting CVar [[r.LensFlareQuality:2]]
[2019.11.23-16.29.11:016][  0]LogConfig: Setting CVar [[r.SceneColorFringeQuality:1]]
[2019.11.23-16.29.11:016][  0]LogConfig: Setting CVar [[r.EyeAdaptationQuality:2]]
[2019.11.23-16.29.11:016][  0]LogConfig: Setting CVar [[r.BloomQuality:5]]
[2019.11.23-16.29.11:016][  0]LogConfig: Setting CVar [[r.FastBlurThreshold:100]]
[2019.11.23-16.29.11:016][  0]LogConfig: Setting CVar [[r.Upscale.Quality:3]]
[2019.11.23-16.29.11:016][  0]LogConfig: Setting CVar [[r.Tonemapper.GrainQuantization:1]]
[2019.11.23-16.29.11:016][  0]LogConfig: Setting CVar [[r.LightShaftQuality:1]]
[2019.11.23-16.29.11:016][  0]LogConfig: Setting CVar [[r.Filter.SizeScale:1]]
[2019.11.23-16.29.11:016][  0]LogConfig: Setting CVar [[r.Tonemapper.Quality:5]]
[2019.11.23-16.29.11:016][  0]LogConfig: Setting CVar [[r.DOF.Gather.AccumulatorQuality:1        ; higher gathering accumulator quality]]
[2019.11.23-16.29.11:016][  0]LogConfig: Setting CVar [[r.DOF.Gather.PostfilterMethod:1          ; Median3x3 postfilering method]]
[2019.11.23-16.29.11:017][  0]LogConfig: Setting CVar [[r.DOF.Gather.EnableBokehSettings:0       ; no bokeh simulation when gathering]]
[2019.11.23-16.29.11:017][  0]LogConfig: Setting CVar [[r.DOF.Gather.RingCount:4                 ; medium number of samples when gathering]]
[2019.11.23-16.29.11:017][  0]LogConfig: Setting CVar [[r.DOF.Scatter.ForegroundCompositing:1    ; additive foreground scattering]]
[2019.11.23-16.29.11:017][  0]LogConfig: Setting CVar [[r.DOF.Scatter.BackgroundCompositing:2    ; additive background scattering]]
[2019.11.23-16.29.11:017][  0]LogConfig: Setting CVar [[r.DOF.Scatter.EnableBokehSettings:1      ; bokeh simulation when scattering]]
[2019.11.23-16.29.11:017][  0]LogConfig: Setting CVar [[r.DOF.Scatter.MaxSpriteRatio:0.1         ; only a maximum of 10% of scattered bokeh]]
[2019.11.23-16.29.11:017][  0]LogConfig: Setting CVar [[r.DOF.Recombine.Quality:1                ; cheap slight out of focus]]
[2019.11.23-16.29.11:017][  0]LogConfig: Setting CVar [[r.DOF.Recombine.EnableBokehSettings:0    ; no bokeh simulation on slight out of focus]]
[2019.11.23-16.29.11:017][  0]LogConfig: Setting CVar [[r.DOF.TemporalAAQuality:1                ; more stable temporal accumulation]]
[2019.11.23-16.29.11:017][  0]LogConfig: Setting CVar [[r.DOF.Kernel.MaxForegroundRadius:0.025]]
[2019.11.23-16.29.11:017][  0]LogConfig: Setting CVar [[r.DOF.Kernel.MaxBackgroundRadius:0.025]]
[2019.11.23-16.29.11:017][  0]LogConfig: Applying CVar settings from Section [TextureQuality@3] File [C:/Users/adrva/Documents/GitHubProyects/IV_practica/IV_practica/Saved/Config/Windows/Scalability.ini]
[2019.11.23-16.29.11:017][  0]LogConfig: Setting CVar [[r.Streaming.MipBias:0]]
[2019.11.23-16.29.11:017][  0]LogConfig: Setting CVar [[r.Streaming.AmortizeCPUToGPUCopy:0]]
[2019.11.23-16.29.11:017][  0]LogConfig: Setting CVar [[r.Streaming.MaxNumTexturesToStreamPerFrame:0]]
[2019.11.23-16.29.11:017][  0]LogConfig: Setting CVar [[r.Streaming.Boost:1]]
[2019.11.23-16.29.11:017][  0]LogConfig: Setting CVar [[r.MaxAnisotropy:8]]
[2019.11.23-16.29.11:017][  0]LogConfig: Setting CVar [[r.Streaming.LimitPoolSizeToVRAM:0]]
[2019.11.23-16.29.11:017][  0]LogConfig: Setting CVar [[r.Streaming.PoolSize:1000]]
[2019.11.23-16.29.11:017][  0]LogConfig: Setting CVar [[r.Streaming.MaxEffectiveScreenSize:0]]
[2019.11.23-16.29.11:017][  0]LogConfig: Applying CVar settings from Section [EffectsQuality@3] File [C:/Users/adrva/Documents/GitHubProyects/IV_practica/IV_practica/Saved/Config/Windows/Scalability.ini]
[2019.11.23-16.29.11:017][  0]LogConfig: Setting CVar [[r.TranslucencyLightingVolumeDim:64]]
[2019.11.23-16.29.11:017][  0]LogConfig: Setting CVar [[r.RefractionQuality:2]]
[2019.11.23-16.29.11:017][  0]LogConfig: Setting CVar [[r.SSR.Quality:3]]
[2019.11.23-16.29.11:017][  0]LogConfig: Setting CVar [[r.SceneColorFormat:4]]
[2019.11.23-16.29.11:017][  0]LogConfig: Setting CVar [[r.DetailMode:2]]
[2019.11.23-16.29.11:017][  0]LogConfig: Setting CVar [[r.TranslucencyVolumeBlur:1]]
[2019.11.23-16.29.11:017][  0]LogConfig: Setting CVar [[r.MaterialQualityLevel:1 ; High quality]]
[2019.11.23-16.29.11:017][  0]LogConfig: Setting CVar [[r.SSS.Scale:1]]
[2019.11.23-16.29.11:017][  0]LogConfig: Setting CVar [[r.SSS.SampleSet:2]]
[2019.11.23-16.29.11:017][  0]LogConfig: Setting CVar [[r.SSS.Quality:1]]
[2019.11.23-16.29.11:017][  0]LogConfig: Setting CVar [[r.SSS.HalfRes:1]]
[2019.11.23-16.29.11:017][  0]LogConfig: Setting CVar [[r.EmitterSpawnRateScale:1.0]]
[2019.11.23-16.29.11:017][  0]LogConfig: Setting CVar [[r.ParticleLightQuality:2]]
[2019.11.23-16.29.11:017][  0]LogConfig: Applying CVar settings from Section [FoliageQuality@3] File [C:/Users/adrva/Documents/GitHubProyects/IV_practica/IV_practica/Saved/Config/Windows/Scalability.ini]
[2019.11.23-16.29.11:017][  0]LogConfig: Setting CVar [[foliage.DensityScale:1.0]]
[2019.11.23-16.29.11:017][  0]LogConfig: Setting CVar [[grass.DensityScale:1.0]]
[2019.11.23-16.29.11:017][  0]LogConfig: Applying CVar settings from Section [Startup] File [../../../Engine/Config/ConsoleVariables.ini]
[2019.11.23-16.29.11:017][  0]LogConfig: Setting CVar [[net.UseAdaptiveNetUpdateFrequency:0]]
[2019.11.23-16.29.11:017][  0]LogConfig: Setting CVar [[p.chaos.AllowCreatePhysxBodies:1]]
[2019.11.23-16.29.11:017][  0]LogConfig: Applying CVar settings from Section [ConsoleVariables] File [C:/Users/adrva/Documents/GitHubProyects/IV_practica/IV_practica/Saved/Config/Windows/Engine.ini]
[2019.11.23-16.29.11:018][  0]LogInit: Computer: DESKTOP-LHV1D31
[2019.11.23-16.29.11:018][  0]LogInit: User: adrva
[2019.11.23-16.29.11:018][  0]LogInit: CPU Page size=4096, Cores=4
[2019.11.23-16.29.11:018][  0]LogInit: High frequency timer resolution =10.000000 MHz
[2019.11.23-16.29.11:018][  0]LogMemory: Memory total: Physical=16.0GB (16GB approx)
[2019.11.23-16.29.11:018][  0]LogMemory: Platform Memory Stats for Windows
[2019.11.23-16.29.11:018][  0]LogMemory: Process Physical Memory: 99.52 MB used, 99.52 MB peak
[2019.11.23-16.29.11:018][  0]LogMemory: Process Virtual Memory: 98.27 MB used, 98.27 MB peak
[2019.11.23-16.29.11:018][  0]LogMemory: Physical Memory: 7544.75 MB used,  8804.28 MB free, 16349.03 MB total
[2019.11.23-16.29.11:018][  0]LogMemory: Virtual Memory: 4653.86 MB used,  134213072.00 MB free, 134217728.00 MB total
[2019.11.23-16.29.11:021][  0]LogWindows: WindowsPlatformFeatures enabled
[2019.11.23-16.29.11:046][  0]LogInit: Overriding language with editor language configuration option (en).
[2019.11.23-16.29.11:046][  0]LogInit: Overriding locale with editor culture configuration option ().
[2019.11.23-16.29.11:046][  0]LogInit: Using OS detected locale (es-ES).
[2019.11.23-16.29.11:294][  0]LogInit: Setting process to per monitor DPI aware
[2019.11.23-16.29.11:329][  0]LogSlate: New Slate User Created.  User Index 0, Is Virtual User: 0
[2019.11.23-16.29.11:329][  0]LogSlate: Slate User Registered.  User Index 0, Is Virtual User: 0
[2019.11.23-16.29.11:565][  0]LogHMD: Failed to initialize OpenVR with code 108
[2019.11.23-16.29.11:565][  0]LogD3D11RHI: D3D11 adapters:
[2019.11.23-16.29.11:622][  0]LogD3D11RHI:    0. 'NVIDIA GeForce GTX 1060 6GB' (Feature Level 11_0)
[2019.11.23-16.29.11:622][  0]LogD3D11RHI:       6052/0/8174 MB DedicatedVideo/DedicatedSystem/SharedSystem, Outputs:1, VendorId:0x10de
[2019.11.23-16.29.11:625][  0]LogD3D11RHI:    1. 'Microsoft Basic Render Driver' (Feature Level 11_0)
[2019.11.23-16.29.11:625][  0]LogD3D11RHI:       0/0/8174 MB DedicatedVideo/DedicatedSystem/SharedSystem, Outputs:0, VendorId:0x1414
[2019.11.23-16.29.11:625][  0]LogD3D11RHI: Chosen D3D11 Adapter: 0
[2019.11.23-16.29.11:634][  0]LogD3D11RHI: Creating new Direct3DDevice
[2019.11.23-16.29.11:634][  0]LogD3D11RHI:     GPU DeviceId: 0x1c03 (for the marketing name, search the web for "GPU Device Id")
[2019.11.23-16.29.11:634][  0]LogWindows: EnumDisplayDevices:
[2019.11.23-16.29.11:634][  0]LogWindows:    0. 'NVIDIA GeForce GTX 1060 6GB' (P:1 D:1)
[2019.11.23-16.29.11:634][  0]LogWindows:    1. 'NVIDIA GeForce GTX 1060 6GB' (P:0 D:0)
[2019.11.23-16.29.11:635][  0]LogWindows:    2. 'NVIDIA GeForce GTX 1060 6GB' (P:0 D:0)
[2019.11.23-16.29.11:635][  0]LogWindows:    3. 'NVIDIA GeForce GTX 1060 6GB' (P:0 D:0)
[2019.11.23-16.29.11:635][  0]LogWindows: DebugString: FoundDriverCount:4 
[2019.11.23-16.29.11:635][  0]LogD3D11RHI:     Adapter Name: NVIDIA GeForce GTX 1060 6GB
[2019.11.23-16.29.11:635][  0]LogD3D11RHI:   Driver Version: 441.12 (internal:26.21.14.4112, unified:441.12)
[2019.11.23-16.29.11:635][  0]LogD3D11RHI:      Driver Date: 10-24-2019
[2019.11.23-16.29.11:635][  0]LogRHI: Texture pool is 4236 MB (70% of 6052 MB)
[2019.11.23-16.29.11:679][  0]LogD3D11RHI: Async texture creation enabled
[2019.11.23-16.29.11:699][  0]LogD3D11RHI: GPU Timing Frequency: 1000.000000 (Debug: 2 1)
[2019.11.23-16.29.12:155][  0]LogTemp: Display: Module 'AllDesktopTargetPlatform' loaded TargetPlatform 'AllDesktop'
[2019.11.23-16.29.12:165][  0]LogTemp: Display: Module 'MacClientTargetPlatform' loaded TargetPlatform 'MacClient'
[2019.11.23-16.29.12:175][  0]LogTemp: Display: Module 'MacNoEditorTargetPlatform' loaded TargetPlatform 'MacNoEditor'
[2019.11.23-16.29.12:184][  0]LogTemp: Display: Module 'MacServerTargetPlatform' loaded TargetPlatform 'MacServer'
[2019.11.23-16.29.12:193][  0]LogTemp: Display: Module 'MacTargetPlatform' loaded TargetPlatform 'Mac'
[2019.11.23-16.29.12:203][  0]LogTemp: Display: Module 'WindowsClientTargetPlatform' loaded TargetPlatform 'WindowsClient'
[2019.11.23-16.29.12:213][  0]LogTemp: Display: Module 'WindowsNoEditorTargetPlatform' loaded TargetPlatform 'WindowsNoEditor'
[2019.11.23-16.29.12:222][  0]LogTemp: Display: Module 'WindowsServerTargetPlatform' loaded TargetPlatform 'WindowsServer'
[2019.11.23-16.29.12:227][  0]LogTemp: Display: Module 'WindowsTargetPlatform' loaded TargetPlatform 'Windows'
[2019.11.23-16.29.12:264][  0]LogTemp: Display: Module 'AndroidTargetPlatform' loaded TargetPlatform 'Android'
[2019.11.23-16.29.12:264][  0]LogTemp: Display: Module 'AndroidTargetPlatform' loaded TargetPlatform 'Android_ASTC'
[2019.11.23-16.29.12:264][  0]LogTemp: Display: Module 'AndroidTargetPlatform' loaded TargetPlatform 'Android_ATC'
[2019.11.23-16.29.12:264][  0]LogTemp: Display: Module 'AndroidTargetPlatform' loaded TargetPlatform 'Android_DXT'
[2019.11.23-16.29.12:264][  0]LogTemp: Display: Module 'AndroidTargetPlatform' loaded TargetPlatform 'Android_ETC1'
[2019.11.23-16.29.12:264][  0]LogTemp: Display: Module 'AndroidTargetPlatform' loaded TargetPlatform 'Android_ETC1a'
[2019.11.23-16.29.12:264][  0]LogTemp: Display: Module 'AndroidTargetPlatform' loaded TargetPlatform 'Android_ETC2'
[2019.11.23-16.29.12:264][  0]LogTemp: Display: Module 'AndroidTargetPlatform' loaded TargetPlatform 'Android_PVRTC'
[2019.11.23-16.29.12:264][  0]LogTemp: Display: Module 'AndroidTargetPlatform' loaded TargetPlatform 'AndroidClient'
[2019.11.23-16.29.12:264][  0]LogTemp: Display: Module 'AndroidTargetPlatform' loaded TargetPlatform 'Android_ASTCClient'
[2019.11.23-16.29.12:264][  0]LogTemp: Display: Module 'AndroidTargetPlatform' loaded TargetPlatform 'Android_ATCClient'
[2019.11.23-16.29.12:264][  0]LogTemp: Display: Module 'AndroidTargetPlatform' loaded TargetPlatform 'Android_DXTClient'
[2019.11.23-16.29.12:264][  0]LogTemp: Display: Module 'AndroidTargetPlatform' loaded TargetPlatform 'Android_ETC1Client'
[2019.11.23-16.29.12:264][  0]LogTemp: Display: Module 'AndroidTargetPlatform' loaded TargetPlatform 'Android_ETC1aClient'
[2019.11.23-16.29.12:264][  0]LogTemp: Display: Module 'AndroidTargetPlatform' loaded TargetPlatform 'Android_ETC2Client'
[2019.11.23-16.29.12:264][  0]LogTemp: Display: Module 'AndroidTargetPlatform' loaded TargetPlatform 'Android_PVRTCClient'
[2019.11.23-16.29.12:264][  0]LogTemp: Display: Module 'AndroidTargetPlatform' loaded TargetPlatform 'Android_Multi'
[2019.11.23-16.29.12:264][  0]LogTemp: Display: Module 'AndroidTargetPlatform' loaded TargetPlatform 'Android_MultiClient'
[2019.11.23-16.29.12:266][  0]LogTemp: Display: Module 'HTML5TargetPlatform' loaded TargetPlatform 'HTML5'
[2019.11.23-16.29.12:286][  0]LogTemp: Display: Module 'IOSTargetPlatform' loaded TargetPlatform 'IOSClient'
[2019.11.23-16.29.12:286][  0]LogTemp: Display: Module 'IOSTargetPlatform' loaded TargetPlatform 'IOS'
[2019.11.23-16.29.12:301][  0]LogTemp: Display: Module 'TVOSTargetPlatform' loaded TargetPlatform 'TVOSClient'
[2019.11.23-16.29.12:301][  0]LogTemp: Display: Module 'TVOSTargetPlatform' loaded TargetPlatform 'TVOS'
[2019.11.23-16.29.12:309][  0]LogTemp: Display: Module 'LinuxClientTargetPlatform' loaded TargetPlatform 'LinuxClient'
[2019.11.23-16.29.12:317][  0]LogTemp: Display: Module 'LinuxNoEditorTargetPlatform' loaded TargetPlatform 'LinuxNoEditor'
[2019.11.23-16.29.12:325][  0]LogTemp: Display: Module 'LinuxServerTargetPlatform' loaded TargetPlatform 'LinuxServer'
[2019.11.23-16.29.12:333][  0]LogTemp: Display: Module 'LinuxTargetPlatform' loaded TargetPlatform 'Linux'
[2019.11.23-16.29.12:361][  0]LogTemp: Display: Module 'LuminTargetPlatform' loaded TargetPlatform 'Lumin'
[2019.11.23-16.29.12:361][  0]LogTemp: Display: Module 'LuminTargetPlatform' loaded TargetPlatform 'LuminClient'
[2019.11.23-16.29.12:361][  0]LogTargetPlatformManager: Display: Building Assets For Windows
[2019.11.23-16.29.12:371][  0]LogAudioDebug: Display: Lib vorbis DLL was dynamically loaded.
[2019.11.23-16.29.12:429][  0]LogShaderCompilers: Guid format shader working directory is -33 characters bigger than the processId version (../../../../../../Users/adrva/Documents/GitHubProyects/IV_practica/IV_practica/Intermediate/Shaders/WorkingDirectory/11088/).
[2019.11.23-16.29.12:430][  0]LogShaderCompilers: Cleaned the shader compiler working directory 'C:/Users/adrva/AppData/Local/Temp/UnrealShaderWorkingDir/D8CD57DF44402BDC1C7145B93117CCE3/'.
[2019.11.23-16.29.12:432][  0]LogXGEController: Cannot use XGE Controller as Incredibuild is not installed on this machine.
[2019.11.23-16.29.12:432][  0]LogShaderCompilers: Cannot use XGE Shader Compiler as Incredibuild is not installed on this machine.
[2019.11.23-16.29.12:432][  0]LogShaderCompilers: Display: Using Local Shader Compiler.
[2019.11.23-16.29.13:106][  0]LogDerivedDataCache: Display: Max Cache Size: 512 MB
[2019.11.23-16.29.13:155][  0]LogDerivedDataCache: Loaded boot cache 0.05s 73MB C:/Users/adrva/AppData/Local/UnrealEngine/4.23/DerivedDataCache/Boot.ddc.
[2019.11.23-16.29.13:155][  0]LogDerivedDataCache: Display: Loaded Boot cache: C:/Users/adrva/AppData/Local/UnrealEngine/4.23/DerivedDataCache/Boot.ddc
[2019.11.23-16.29.13:155][  0]LogDerivedDataCache: FDerivedDataBackendGraph:  Pak pak cache file ../../../../../../Users/adrva/Documents/GitHubProyects/IV_practica/IV_practica/DerivedDataCache/DDC.ddp not found, will not use a pak cache.
[2019.11.23-16.29.13:155][  0]LogDerivedDataCache: Unable to find inner node Pak for hierarchical cache Hierarchy.
[2019.11.23-16.29.13:155][  0]LogDerivedDataCache: FDerivedDataBackendGraph:  CompressedPak pak cache file ../../../../../../Users/adrva/Documents/GitHubProyects/IV_practica/IV_practica/DerivedDataCache/Compressed.ddp not found, will not use a pak cache.
[2019.11.23-16.29.13:155][  0]LogDerivedDataCache: Unable to find inner node CompressedPak for hierarchical cache Hierarchy.
[2019.11.23-16.29.13:167][  0]LogDerivedDataCache: Display: Pak cache opened for reading ../../../Engine/DerivedDataCache/Compressed.ddp.
[2019.11.23-16.29.13:167][  0]LogDerivedDataCache: FDerivedDataBackendGraph:  EnterprisePak pak cache file ../../../Enterprise/DerivedDataCache/Compressed.ddp not found, will not use a pak cache.
[2019.11.23-16.29.13:167][  0]LogDerivedDataCache: Unable to find inner node EnterprisePak for hierarchical cache Hierarchy.
[2019.11.23-16.29.13:168][  0]LogDerivedDataCache: Using Local data cache path C:/Users/adrva/AppData/Local/UnrealEngine/Common/DerivedDataCache: Writable
[2019.11.23-16.29.13:168][  0]LogDerivedDataCache: Shared data cache path not found in *engine.ini, will not use an Shared cache.
[2019.11.23-16.29.13:168][  0]LogDerivedDataCache: Unable to find inner node Shared for hierarchical cache Hierarchy.
[2019.11.23-16.29.13:190][  0]LogMaterial: Verifying Global Shaders for PCD3D_SM5
[2019.11.23-16.29.13:192][  0]LogSlate: Using FreeType 2.6.0
[2019.11.23-16.29.13:193][  0]LogSlate: SlateFontServices - WITH_FREETYPE: 1, WITH_HARFBUZZ: 1
[2019.11.23-16.29.13:253][  0]LogAssetRegistry: FAssetRegistry took 0.0029 seconds to start up
[2019.11.23-16.29.13:535][  0]LogInit: Selected Device Profile: [Windows]
[2019.11.23-16.29.13:691][  0]LogMeshReduction: Using QuadricMeshReduction for automatic static mesh reduction
[2019.11.23-16.29.13:691][  0]LogMeshReduction: Using SimplygonMeshReduction for automatic skeletal mesh reduction
[2019.11.23-16.29.13:691][  0]LogMeshReduction: Using ProxyLODMeshReduction for automatic mesh merging
[2019.11.23-16.29.13:691][  0]LogMeshReduction: No distributed automatic mesh merging module available
[2019.11.23-16.29.13:691][  0]LogMeshMerging: No distributed automatic mesh merging module available
[2019.11.23-16.29.13:701][  0]LogNetVersion: IV_practica 1.0.0, NetCL: 8386587, EngineNetVer: 11, GameNetVer: 0 (Checksum: 2998538223)
[2019.11.23-16.29.14:156][  0]LogPackageLocalizationCache: Processed 12 localized package path(s) for 1 prioritized culture(s) in 0.061511 seconds
[2019.11.23-16.29.14:163][  0]LogUObjectArray: 43444 objects as part of root set at end of initial load.
[2019.11.23-16.29.14:163][  0]LogUObjectAllocator: 7548648 out of 0 bytes used by permanent object pool.
[2019.11.23-16.29.14:163][  0]LogUObjectArray: CloseDisregardForGC: 0/0 objects in disregard for GC pool
[2019.11.23-16.29.15:070][  0]LogTcpMessaging: Initializing TcpMessaging bridge
[2019.11.23-16.29.15:073][  0]LogUdpMessaging: Initializing bridge on interface 0.0.0.0:0 to multicast group 230.0.0.1:6666.
[2019.11.23-16.29.15:073][  0]FUdpSocketBuilder: Failed to subscribe UdpMessageMulticastSocket to multicast group 230.0.0.1 on interface 0.0.0.0
[2019.11.23-16.29.15:073][  0]FUdpSocketBuilder: Failed to create and initialize socket UdpMessageMulticastSocket (last error: 0)
[2019.11.23-16.29.15:073][  0]LogUdpMessaging: Warning: StartTransport failed to create multicast socket on 0.0.0.0:0, joined to 230.0.0.1:6666 with TTL 1
[2019.11.23-16.29.15:127][  0]SourceControl: Source control is disabled
[2019.11.23-16.29.15:128][  0]SourceControl: Source control is disabled
[2019.11.23-16.29.15:129][  0]SourceControl: Source control is disabled
[2019.11.23-16.29.15:130][  0]SourceControl: Source control is disabled
[2019.11.23-16.29.15:220][  0]LogAndroidPermission: UAndroidPermissionCallbackProxy::GetInstance
[2019.11.23-16.29.15:416][  0]LogOcInput: OculusInput pre-init called
[2019.11.23-16.29.15:428][  0]LogWindows: Failed to load 'OVRPlugin.dll' (GetLastError=126)
[2019.11.23-16.29.15:428][  0]LogWindows: File 'OVRPlugin.dll' does not exist
[2019.11.23-16.29.15:503][  0]LogEngine: Initializing Engine...
[2019.11.23-16.29.15:548][  0]LogHMD: Failed to initialize OpenVR with code 108
[2019.11.23-16.29.15:557][  0]LogStats: UGameplayTagsManager::InitializeManager -  0.000 s
[2019.11.23-16.29.15:828][  0]LogInit: Initializing FReadOnlyCVARCache
[2019.11.23-16.29.15:844][  0]LogAIModule: Creating AISystem for world Untitled
[2019.11.23-16.29.15:882][  0]LogInit: XAudio2 using 'Altavoces (Realtek High Definition Audio)' : 2 channels at 48 kHz using 32 bits per sample (channel mask 0x3)
[2019.11.23-16.29.15:955][  0]LogInit: FAudioDevice initialized.
[2019.11.23-16.29.15:955][  0]LogNetVersion: Set ProjectVersion to 1.0.0.0. Version Checksum will be recalculated on next use.
[2019.11.23-16.29.16:025][  0]LogDerivedDataCache: Saved boot cache 0.07s 73MB C:/Users/adrva/AppData/Local/UnrealEngine/4.23/DerivedDataCache/Boot.ddc.
[2019.11.23-16.29.16:031][  0]LogInit: Texture streaming: Enabled
[2019.11.23-16.29.16:051][  0]LogEngineSessionManager: EngineSessionManager initialized
[2019.11.23-16.29.16:101][  0]LogInit: Transaction tracking system initialized
[2019.11.23-16.29.16:138][  0]BlueprintLog: New page: Editor Load
[2019.11.23-16.29.16:226][  0]LocalizationService: Localization service is disabled
[2019.11.23-16.29.16:559][  0]LogFileCache: Scanning file cache for directory 'C:/Users/adrva/Documents/GitHubProyects/IV_practica/IV_practica/Content/' took 0.01s
[2019.11.23-16.29.16:559][  0]LogCook: Display: Max memory allowance for cook 16384mb min free memory 0mb
[2019.11.23-16.29.16:559][  0]LogCook: Display: Mobile HDR setting 1
[2019.11.23-16.29.16:759][  0]SourceControl: Source control is disabled
[2019.11.23-16.29.16:759][  0]Cmd: MAP LOAD FILE="../../../../../../Users/adrva/Documents/GitHubProyects/IV_practica/IV_practica/Content/SideScrollerBP/Maps/SideScrollerExampleMap.umap" TEMPLATE=0 SHOWPROGRESS=1 FEATURELEVEL=3
[2019.11.23-16.29.16:874][  0]LightingResults: New page: Lighting Build
[2019.11.23-16.29.16:877][  0]LogWorld: UWorld::CleanupWorld for Untitled, bSessionEnded=true, bCleanupResources=true
[2019.11.23-16.29.16:877][  0]MapCheck: New page: Map Check
[2019.11.23-16.29.16:877][  0]LightingResults: New page: Lighting Build
[2019.11.23-16.29.16:909][  0]LogUObjectHash: Compacting FUObjectHashTables data took   1.72ms
[2019.11.23-16.29.20:681][  0]LogAIModule: Creating AISystem for world SideScrollerExampleMap
[2019.11.23-16.29.20:696][  0]LogEditorServer: Finished looking for orphan Actors (0.000 secs)
[2019.11.23-16.29.20:719][  0]LogUObjectHash: Compacting FUObjectHashTables data took   2.23ms
[2019.11.23-16.29.20:720][  0]Cmd: MAP CHECKDEP NOCLEARLOG
[2019.11.23-16.29.20:720][  0]MapCheck: Map check complete: 0 Error(s), 0 Warning(s), took 0,163ms to complete.
[2019.11.23-16.29.20:720][  0]LogFileHelpers: Loading map 'SideScrollerExampleMap' took 3.961
[2019.11.23-16.29.20:860][  0]LogSlate: Updating window title bar state: overlay mode, drag disabled, window buttons hidden, title bar hidden
[2019.11.23-16.29.20:870][  0]LogSlate: Updating window title bar state: overlay mode, drag disabled, window buttons hidden, title bar hidden
[2019.11.23-16.29.20:877][  0]LogSlate: Updating window title bar state: overlay mode, drag disabled, window buttons hidden, title bar hidden
[2019.11.23-16.29.20:883][  0]LogSlate: Updating window title bar state: overlay mode, drag disabled, window buttons hidden, title bar hidden
[2019.11.23-16.29.20:899][  0]LogCollectionManager: Loaded 0 collections in 0.001961 seconds
[2019.11.23-16.29.20:926][  0]LogFileCache: Scanning file cache for directory 'C:/Users/adrva/Documents/GitHubProyects/IV_practica/IV_practica/Saved/Collections/' took 0.00s
[2019.11.23-16.29.20:926][  0]LogFileCache: Scanning file cache for directory 'C:/Users/adrva/Documents/GitHubProyects/IV_practica/IV_practica/Content/Developers/adrva/Collections/' took 0.00s
[2019.11.23-16.29.20:926][  0]LogFileCache: Scanning file cache for directory 'C:/Users/adrva/Documents/GitHubProyects/IV_practica/IV_practica/Content/Collections/' took 0.00s
[2019.11.23-16.29.20:926][  0]LogCollectionManager: Rebuilt the GUID cache for 0 collections in 0.000002 seconds
[2019.11.23-16.29.20:937][  0]LogContentBrowser: Native class hierarchy populated in 0.0092 seconds. Added 2863 classes and 680 folders.
[2019.11.23-16.29.20:950][  0]LogContentBrowser: Native class hierarchy updated for 'WidgetCarousel' in 0.0002 seconds. Added 0 classes and 0 folders.
[2019.11.23-16.29.21:321][  0]LogContentBrowser: Native class hierarchy updated for 'AddContentDialog' in 0.0002 seconds. Added 0 classes and 0 folders.
[2019.11.23-16.29.21:338][  0]LogContentBrowser: Native class hierarchy updated for 'SceneOutliner' in 0.0005 seconds. Added 1 classes and 2 folders.
[2019.11.23-16.29.21:396][  0]LogSlate: Took 0.000166 seconds to synchronously load lazily loaded font '../../../Engine/Content/Slate/Fonts/Roboto-Regular.ttf' (155K)
[2019.11.23-16.29.21:398][  0]LogSlate: Took 0.000138 seconds to synchronously load lazily loaded font '../../../Engine/Content/Slate/Fonts/Roboto-Bold.ttf' (160K)
[2019.11.23-16.29.21:410][  0]LogSlate: Took 0.006662 seconds to synchronously load lazily loaded font '../../../Engine/Content/Editor/Slate/Fonts/FontAwesome.ttf' (139K)
[2019.11.23-16.29.21:557][  0]LogRenderer: Reallocating scene render targets to support 1208x572 Format 10 NumSamples 1 (Frame:1).
[2019.11.23-16.29.21:655][  0]LogContentBrowser: Native class hierarchy updated for 'HierarchicalLODOutliner' in 0.0003 seconds. Added 0 classes and 0 folders.
[2019.11.23-16.29.21:655][  0]LogLoad: (Engine Initialization) Total time: 12.00 seconds
[2019.11.23-16.29.21:655][  0]LogLoad: (Engine Initialization) Total Blueprint compile time: 0.00 seconds
[2019.11.23-16.29.21:717][  0]LogContentStreaming: Texture pool size now 1000 MB
[2019.11.23-16.29.21:749][  0]LogSlate: Took 0.006686 seconds to synchronously load lazily loaded font '../../../Engine/Content/Slate/Fonts/Roboto-Light.ttf' (167K)
[2019.11.23-16.29.21:825][  2]LogAssetRegistry: Asset discovery search completed in 8.5728 seconds
[2019.11.23-16.29.21:830][  2]LogCollectionManager: Rebuilt the object cache for 0 collections in 0.000005 seconds (found 0 objects)
[2019.11.23-16.29.21:830][  2]LogCollectionManager: Fixed up redirectors for 0 collections in 0.000072 seconds (updated 0 objects)
[2019.11.23-16.29.59:904][464]LogSlate: FSceneViewport::OnFocusLost() reason 2
[2019.11.23-16.31.15:842][482]LogSlate: Took 0.000281 seconds to synchronously load lazily loaded font '../../../Engine/Content/Slate/Fonts/Roboto-Light.ttf' (167K)
[2019.11.23-16.31.15:851][482]LogAssetEditorManager: Opening Asset editor for Blueprint /Game/SideScrollerBP/Blueprints/SideScrollerCharacter.SideScrollerCharacter
[2019.11.23-16.31.16:213][482]LogContentBrowser: Native class hierarchy updated for 'BlueprintGraph' in 0.0006 seconds. Added 121 classes and 0 folders.
[2019.11.23-16.31.17:168][482]LogSlate: Took 0.005093 seconds to synchronously load lazily loaded font '../../../Engine/Content/Slate/Fonts/Roboto-BoldCondensed.ttf' (158K)
[2019.11.23-16.31.17:300][483]LogSlate: Took 0.006512 seconds to synchronously load lazily loaded font '../../../Engine/Content/Slate/Fonts/Roboto-Italic.ttf' (157K)
[2019.11.23-16.36.01:419][731]LogSlate: Took 0.005598 seconds to synchronously load lazily loaded font '../../../Engine/Content/Slate/Fonts/Roboto-BoldCondensedItalic.ttf' (160K)
[2019.11.23-16.39.23:007][744]LogUObjectHash: Compacting FUObjectHashTables data took   4.10ms
[2019.11.23-16.39.23:211][744]LogSavePackage: Moving '../../../../../../Users/adrva/Documents/GitHubProyects/IV_practica/IV_practica/Saved/SideScrollerExampleMap_Auto18AA0CF454C3C1DCAC0B3E9A99F272D66.tmp' to '../../../../../../Users/adrva/Documents/GitHubProyects/IV_practica/IV_practica/Saved/Autosaves/Game/SideScrollerBP/Maps/SideScrollerExampleMap_Auto1.umap'
[2019.11.23-16.39.23:218][744]LogFileHelpers: Editor autosave (incl. sublevels) for '/Game/SideScrollerBP/Maps/SideScrollerExampleMap' took 0.254
[2019.11.23-16.39.23:218][744]LogFileHelpers: Editor autosave (incl. sublevels) for all levels took 0.254
[2019.11.23-16.39.23:222][744]OBJ SavePackage: Generating thumbnails for [1] asset(s) in package [/Game/SideScrollerBP/Blueprints/SideScrollerCharacter] ([1] browsable assets)...
[2019.11.23-16.39.23:232][744]OBJ SavePackage:     Rendered thumbnail for [Blueprint /Game/SideScrollerBP/Blueprints/SideScrollerCharacter.SideScrollerCharacter]
[2019.11.23-16.39.23:232][744]OBJ SavePackage: Finished generating thumbnails for package [/Game/SideScrollerBP/Blueprints/SideScrollerCharacter]
[2019.11.23-16.39.23:275][744]LogSavePackage: Moving '../../../../../../Users/adrva/Documents/GitHubProyects/IV_practica/IV_practica/Saved/SideScrollerCharacter_Auto16948DF4D47F4C5B4D7A23CA10B9A4B3D.tmp' to '../../../../../../Users/adrva/Documents/GitHubProyects/IV_practica/IV_practica/Saved/Autosaves/Game/SideScrollerBP/Blueprints/SideScrollerCharacter_Auto1.uasset'
[2019.11.23-16.39.23:277][744]LogFileHelpers: Auto-saving content packages took 0.057
[2019.11.23-16.43.19:073][733]LogSlate: Window 'SideScrollerCharacter' being destroyed
[2019.11.23-16.44.48:092][664]LogAssetEditorManager: Opening Asset editor for WidgetBlueprint /Game/SideScrollerBP/Blueprints/UI_Vida.UI_Vida
[2019.11.23-16.47.01:138][895]LogSlate: Window 'UI_Vida' being destroyed
[2019.11.23-16.47.06:457][526]LogAssetEditorManager: Opening Asset editor for Blueprint /Game/SideScrollerBP/Blueprints/SideScrollerGameMode.SideScrollerGameMode
[2019.11.23-16.47.10:015][908]LogWorld: UWorld::CleanupWorld for World_4, bSessionEnded=true, bCleanupResources=true
[2019.11.23-16.47.23:111][459]LogSlate: FSceneViewport::OnFocusLost() reason 0
[2019.11.23-16.47.23:195][469]LogTemp: Repeating last play command: Selected Viewport
[2019.11.23-16.47.23:210][469]LogBlueprintUserMessages: Early PlayInEditor Detection: Level '/Game/SideScrollerBP/Maps/SideScrollerExampleMap.SideScrollerExampleMap:PersistentLevel' has LevelScriptBlueprint '/Game/SideScrollerBP/Maps/SideScrollerExampleMap.SideScrollerExampleMap:PersistentLevel.SideScrollerExampleMap' with GeneratedClass '/Game/SideScrollerBP/Maps/SideScrollerExampleMap.SideScrollerExampleMap_C' with ClassGeneratedBy '/Game/SideScrollerBP/Maps/SideScrollerExampleMap.SideScrollerExampleMap:PersistentLevel.SideScrollerExampleMap'
[2019.11.23-16.47.23:210][469]BlueprintLog: New page: Pre-Play auto-recompile
[2019.11.23-16.47.23:211][469]LogPlayLevel: [PlayLevel] Compiling SideScrollerCharacter before play...
[2019.11.23-16.47.23:218][469]LogUObjectGlobals: Warning: Guid referenced by CapsuleComponent /Game/SideScrollerBP/Maps/SideScrollerExampleMap.SideScrollerExampleMap:PersistentLevel.SideScrollerCharacter_78.CollisionCylinder is already used by CapsuleComponent /Game/SideScrollerBP/Maps/SideScrollerExampleMap.SideScrollerExampleMap:PersistentLevel.REINST_SideScrollerCharacter_C_0.CollisionCylinder, which should never happen in the editor but could happen at runtime with duplicate level loading or PIE
[2019.11.23-16.47.23:218][469]LogUObjectGlobals: Warning: Guid referenced by ArrowComponent /Game/SideScrollerBP/Maps/SideScrollerExampleMap.SideScrollerExampleMap:PersistentLevel.SideScrollerCharacter_78.Arrow is already used by ArrowComponent /Game/SideScrollerBP/Maps/SideScrollerExampleMap.SideScrollerExampleMap:PersistentLevel.REINST_SideScrollerCharacter_C_0.Arrow, which should never happen in the editor but could happen at runtime with duplicate level loading or PIE
[2019.11.23-16.47.23:218][469]LogUObjectGlobals: Warning: Guid referenced by CharacterMovementComponent /Game/SideScrollerBP/Maps/SideScrollerExampleMap.SideScrollerExampleMap:PersistentLevel.SideScrollerCharacter_78.CharMoveComp is already used by CharacterMovementComponent /Game/SideScrollerBP/Maps/SideScrollerExampleMap.SideScrollerExampleMap:PersistentLevel.REINST_SideScrollerCharacter_C_0.CharMoveComp, which should never happen in the editor but could happen at runtime with duplicate level loading or PIE
[2019.11.23-16.47.23:218][469]LogUObjectGlobals: Warning: Guid referenced by SkeletalMeshComponent /Game/SideScrollerBP/Maps/SideScrollerExampleMap.SideScrollerExampleMap:PersistentLevel.SideScrollerCharacter_78.CharacterMesh0 is already used by SkeletalMeshComponent /Game/SideScrollerBP/Maps/SideScrollerExampleMap.SideScrollerExampleMap:PersistentLevel.REINST_SideScrollerCharacter_C_0.CharacterMesh0, which should never happen in the editor but could happen at runtime with duplicate level loading or PIE
[2019.11.23-16.47.23:439][469]LogPlayLevel: [PlayLevel] Compiling UI_Vida before play...
[2019.11.23-16.47.23:749][469]LogUObjectHash: Compacting FUObjectHashTables data took   4.92ms
[2019.11.23-16.47.23:749][469]LogPlayLevel: PlayLevel: Blueprint regeneration took 538 ms (2 blueprints)
[2019.11.23-16.47.23:749][469]PIE: New page: PIE session: SideScrollerExampleMap (23/11/2019 18:47:23)
[2019.11.23-16.47.23:750][469]LogOnline: OSS: Creating online subsystem instance for: NULL
[2019.11.23-16.47.23:752][469]LogPlayLevel: Creating play world package: /Game/SideScrollerBP/Maps/UEDPIE_0_SideScrollerExampleMap
[2019.11.23-16.47.23:762][469]LogPlayLevel: PIE: StaticDuplicateObject took: (0.010560s)
[2019.11.23-16.47.23:764][469]LogAIModule: Creating AISystem for world SideScrollerExampleMap
[2019.11.23-16.47.23:764][469]LogPlayLevel: PIE: World Init took: (0.001253s)
[2019.11.23-16.47.23:764][469]LogPlayLevel: PIE: Created PIE world by copying editor world from /Game/SideScrollerBP/Maps/SideScrollerExampleMap.SideScrollerExampleMap to /Game/SideScrollerBP/Maps/UEDPIE_0_SideScrollerExampleMap.SideScrollerExampleMap (0.012124s)
[2019.11.23-16.47.23:804][469]LogUObjectHash: Compacting FUObjectHashTables data took   3.41ms
[2019.11.23-16.47.23:828][469]LogInit: XAudio2 using 'Altavoces (Realtek High Definition Audio)' : 2 channels at 48 kHz using 32 bits per sample (channel mask 0x3)
[2019.11.23-16.47.23:886][469]LogInit: FAudioDevice initialized.
[2019.11.23-16.47.23:893][469]LogLoad: Game class is 'SideScrollerGameMode_C'
[2019.11.23-16.47.23:895][469]LogWorld: Bringing World /Game/SideScrollerBP/Maps/UEDPIE_0_SideScrollerExampleMap.SideScrollerExampleMap up for play (max tick rate 0) at 2019.11.23-17.47.23
[2019.11.23-16.47.23:896][469]LogWorld: Bringing up level for play took: 0.001713
[2019.11.23-16.47.23:896][469]LogOnline: OSS: Creating online subsystem instance for: :Context_6
[2019.11.23-16.47.23:903][469]LogContentBrowser: Native class hierarchy updated for 'MovieSceneCapture' in 0.0003 seconds. Added 20 classes and 0 folders.
[2019.11.23-16.47.23:903][469]PIE: Play in editor start time for /Game/SideScrollerBP/Maps/UEDPIE_0_SideScrollerExampleMap 0,727
[2019.11.23-16.47.23:903][469]LogBlueprintUserMessages: Late PlayInEditor Detection: Level '/Game/SideScrollerBP/Maps/SideScrollerExampleMap.SideScrollerExampleMap:PersistentLevel' has LevelScriptBlueprint '/Game/SideScrollerBP/Maps/SideScrollerExampleMap.SideScrollerExampleMap:PersistentLevel.SideScrollerExampleMap' with GeneratedClass '/Game/SideScrollerBP/Maps/SideScrollerExampleMap.SideScrollerExampleMap_C' with ClassGeneratedBy '/Game/SideScrollerBP/Maps/SideScrollerExampleMap.SideScrollerExampleMap:PersistentLevel.SideScrollerExampleMap'
[2019.11.23-16.47.26:724][764]LogBlueprintUserMessages: Early EndPlayMap Detection: Level '/Game/SideScrollerBP/Maps/SideScrollerExampleMap.SideScrollerExampleMap:PersistentLevel' has LevelScriptBlueprint '/Game/SideScrollerBP/Maps/SideScrollerExampleMap.SideScrollerExampleMap:PersistentLevel.SideScrollerExampleMap' with GeneratedClass '/Game/SideScrollerBP/Maps/SideScrollerExampleMap.SideScrollerExampleMap_C' with ClassGeneratedBy '/Game/SideScrollerBP/Maps/SideScrollerExampleMap.SideScrollerExampleMap:PersistentLevel.SideScrollerExampleMap'
[2019.11.23-16.47.26:724][764]LogSlate: Updating window title bar state: overlay mode, drag disabled, window buttons hidden, title bar hidden
[2019.11.23-16.47.26:724][764]LogWorld: BeginTearingDown for /Game/SideScrollerBP/Maps/UEDPIE_0_SideScrollerExampleMap
[2019.11.23-16.47.26:724][764]LogWorld: UWorld::CleanupWorld for SideScrollerExampleMap, bSessionEnded=true, bCleanupResources=true
[2019.11.23-16.47.26:738][764]LogPlayLevel: Display: Shutting down PIE online subsystems
[2019.11.23-16.47.26:738][764]LogBlueprintUserMessages: Late EndPlayMap Detection: Level '/Game/SideScrollerBP/Maps/SideScrollerExampleMap.SideScrollerExampleMap:PersistentLevel' has LevelScriptBlueprint '/Game/SideScrollerBP/Maps/SideScrollerExampleMap.SideScrollerExampleMap:PersistentLevel.SideScrollerExampleMap' with GeneratedClass '/Game/SideScrollerBP/Maps/SideScrollerExampleMap.SideScrollerExampleMap_C' with ClassGeneratedBy '/Game/SideScrollerBP/Maps/SideScrollerExampleMap.SideScrollerExampleMap:PersistentLevel.SideScrollerExampleMap'
[2019.11.23-16.47.26:780][764]LogSlate: Updating window title bar state: overlay mode, drag disabled, window buttons hidden, title bar hidden
[2019.11.23-16.47.26:823][764]LogUObjectHash: Compacting FUObjectHashTables data took   4.17ms
[2019.11.23-16.47.26:835][765]LogPlayLevel: Display: Destroying online subsystem :Context_6
[2019.11.23-16.49.02:294][339]LogRenderer: Reallocating scene render targets to support 1208x900 Format 10 NumSamples 1 (Frame:1).
[2019.11.23-16.49.21:589][616]LogSlate: FSceneViewport::OnFocusLost() reason 0
[2019.11.23-16.49.31:530][796]LogSlate: FSceneViewport::OnFocusLost() reason 0
[2019.11.23-16.49.45:271][417]LogTemp: Repeating last play command: Selected Viewport
[2019.11.23-16.49.45:286][417]LogBlueprintUserMessages: Early PlayInEditor Detection: Level '/Game/SideScrollerBP/Maps/SideScrollerExampleMap.SideScrollerExampleMap:PersistentLevel' has LevelScriptBlueprint '/Game/SideScrollerBP/Maps/SideScrollerExampleMap.SideScrollerExampleMap:PersistentLevel.SideScrollerExampleMap' with GeneratedClass '/Game/SideScrollerBP/Maps/SideScrollerExampleMap.SideScrollerExampleMap_C' with ClassGeneratedBy '/Game/SideScrollerBP/Maps/SideScrollerExampleMap.SideScrollerExampleMap:PersistentLevel.SideScrollerExampleMap'
[2019.11.23-16.49.45:287][417]BlueprintLog: New page: Pre-Play auto-recompile
[2019.11.23-16.49.45:287][417]LogPlayLevel: [PlayLevel] Compiling SideScrollerCharacter before play...
[2019.11.23-16.49.45:593][417]LogUObjectHash: Compacting FUObjectHashTables data took   4.66ms
[2019.11.23-16.49.45:593][417]LogPlayLevel: PlayLevel: Blueprint regeneration took 306 ms (1 blueprints)
[2019.11.23-16.49.45:593][417]PIE: New page: PIE session: SideScrollerExampleMap (23/11/2019 18:49:45)
[2019.11.23-16.49.45:593][417]LogPlayLevel: Creating play world package: /Game/SideScrollerBP/Maps/UEDPIE_0_SideScrollerExampleMap
[2019.11.23-16.49.45:605][417]LogPlayLevel: PIE: StaticDuplicateObject took: (0.012583s)
[2019.11.23-16.49.45:607][417]LogAIModule: Creating AISystem for world SideScrollerExampleMap
[2019.11.23-16.49.45:607][417]LogPlayLevel: PIE: World Init took: (0.001567s)
[2019.11.23-16.49.45:607][417]LogPlayLevel: PIE: Created PIE world by copying editor world from /Game/SideScrollerBP/Maps/SideScrollerExampleMap.SideScrollerExampleMap to /Game/SideScrollerBP/Maps/UEDPIE_0_SideScrollerExampleMap.SideScrollerExampleMap (0.014422s)
[2019.11.23-16.49.45:645][417]LogUObjectHash: Compacting FUObjectHashTables data took   2.77ms
[2019.11.23-16.49.45:668][417]LogInit: XAudio2 using 'Altavoces (Realtek High Definition Audio)' : 2 channels at 48 kHz using 32 bits per sample (channel mask 0x3)
[2019.11.23-16.49.45:723][417]LogInit: FAudioDevice initialized.
[2019.11.23-16.49.45:730][417]LogLoad: Game class is 'SideScrollerGameMode_C'
[2019.11.23-16.49.45:732][417]LogWorld: Bringing World /Game/SideScrollerBP/Maps/UEDPIE_0_SideScrollerExampleMap.SideScrollerExampleMap up for play (max tick rate 0) at 2019.11.23-17.49.45
[2019.11.23-16.49.45:733][417]LogWorld: Bringing up level for play took: 0.001587
[2019.11.23-16.49.45:733][417]LogOnline: OSS: Creating online subsystem instance for: :Context_8
[2019.11.23-16.49.45:735][417]PIE: Play in editor start time for /Game/SideScrollerBP/Maps/UEDPIE_0_SideScrollerExampleMap 0,559
[2019.11.23-16.49.45:735][417]LogBlueprintUserMessages: Late PlayInEditor Detection: Level '/Game/SideScrollerBP/Maps/SideScrollerExampleMap.SideScrollerExampleMap:PersistentLevel' has LevelScriptBlueprint '/Game/SideScrollerBP/Maps/SideScrollerExampleMap.SideScrollerExampleMap:PersistentLevel.SideScrollerExampleMap' with GeneratedClass '/Game/SideScrollerBP/Maps/SideScrollerExampleMap.SideScrollerExampleMap_C' with ClassGeneratedBy '/Game/SideScrollerBP/Maps/SideScrollerExampleMap.SideScrollerExampleMap:PersistentLevel.SideScrollerExampleMap'
[2019.11.23-16.50.03:957][596]LogBlueprintUserMessages: Early EndPlayMap Detection: Level '/Game/SideScrollerBP/Maps/SideScrollerExampleMap.SideScrollerExampleMap:PersistentLevel' has LevelScriptBlueprint '/Game/SideScrollerBP/Maps/SideScrollerExampleMap.SideScrollerExampleMap:PersistentLevel.SideScrollerExampleMap' with GeneratedClass '/Game/SideScrollerBP/Maps/SideScrollerExampleMap.SideScrollerExampleMap_C' with ClassGeneratedBy '/Game/SideScrollerBP/Maps/SideScrollerExampleMap.SideScrollerExampleMap:PersistentLevel.SideScrollerExampleMap'
[2019.11.23-16.50.03:957][596]LogSlate: Updating window title bar state: overlay mode, drag disabled, window buttons hidden, title bar hidden
[2019.11.23-16.50.03:957][596]LogWorld: BeginTearingDown for /Game/SideScrollerBP/Maps/UEDPIE_0_SideScrollerExampleMap
[2019.11.23-16.50.03:957][596]LogWorld: UWorld::CleanupWorld for SideScrollerExampleMap, bSessionEnded=true, bCleanupResources=true
[2019.11.23-16.50.03:967][596]LogPlayLevel: Display: Shutting down PIE online subsystems
[2019.11.23-16.50.03:968][596]LogBlueprintUserMessages: Late EndPlayMap Detection: Level '/Game/SideScrollerBP/Maps/SideScrollerExampleMap.SideScrollerExampleMap:PersistentLevel' has LevelScriptBlueprint '/Game/SideScrollerBP/Maps/SideScrollerExampleMap.SideScrollerExampleMap:PersistentLevel.SideScrollerExampleMap' with GeneratedClass '/Game/SideScrollerBP/Maps/SideScrollerExampleMap.SideScrollerExampleMap_C' with ClassGeneratedBy '/Game/SideScrollerBP/Maps/SideScrollerExampleMap.SideScrollerExampleMap:PersistentLevel.SideScrollerExampleMap'
[2019.11.23-16.50.04:009][596]LogSlate: Updating window title bar state: overlay mode, drag disabled, window buttons hidden, title bar hidden
[2019.11.23-16.50.04:013][596]LogUObjectHash: Compacting FUObjectHashTables data took   2.80ms
[2019.11.23-16.50.04:073][598]LogPlayLevel: Display: Destroying online subsystem :Context_8
[2019.11.23-16.50.07:455][999]LogSlate: FSceneViewport::OnFocusLost() reason 0
[2019.11.23-16.50.09:659][251]LogSlate: Prevented a slow task dialog from being summoned while a context menu was open
[2019.11.23-16.50.11:921][514]Cmd: TRANSACTION UNDO
[2019.11.23-16.50.11:921][514]LogEditorTransaction: Undo Edit Widget Class
[2019.11.23-16.50.11:931][514]LogActorComponent: ~FComponentReregisterContext: (/Engine/Transient.World_1:PersistentLevel.SideScrollerCharacter_C_0.CollisionCylinder) Component already registered.
[2019.11.23-16.50.11:932][514]LogActorComponent: ~FComponentReregisterContext: (/Game/SideScrollerBP/Maps/SideScrollerExampleMap.SideScrollerExampleMap:PersistentLevel.SideScrollerCharacter_78.CollisionCylinder) Component already registered.
[2019.11.23-16.50.12:168][538]Cmd: TRANSACTION UNDO
[2019.11.23-16.50.12:168][538]LogEditorTransaction: Undo Edit Widget Class
[2019.11.23-16.50.12:178][538]LogActorComponent: ~FComponentReregisterContext: (/Engine/Transient.World_1:PersistentLevel.SideScrollerCharacter_C_0.CollisionCylinder) Component already registered.
[2019.11.23-16.50.12:182][538]LogActorComponent: ~FComponentReregisterContext: (/Game/SideScrollerBP/Maps/SideScrollerExampleMap.SideScrollerExampleMap:PersistentLevel.SideScrollerCharacter_78.CollisionCylinder) Component already registered.
[2019.11.23-16.50.12:628][588]Cmd: TRANSACTION UNDO
[2019.11.23-16.50.12:628][588]LogEditorTransaction: Undo Add Component
[2019.11.23-16.51.00:757][580]LogUObjectHash: Compacting FUObjectHashTables data took   4.43ms
[2019.11.23-16.51.00:983][580]LogSavePackage: Moving '../../../../../../Users/adrva/Documents/GitHubProyects/IV_practica/IV_practica/Saved/SideScrollerExampleMap_Auto2FDD1B1734636F38A28651387848C331A.tmp' to '../../../../../../Users/adrva/Documents/GitHubProyects/IV_practica/IV_practica/Saved/Autosaves/Game/SideScrollerBP/Maps/SideScrollerExampleMap_Auto2.umap'
[2019.11.23-16.51.00:990][580]LogFileHelpers: Editor autosave (incl. sublevels) for '/Game/SideScrollerBP/Maps/SideScrollerExampleMap' took 0.282
[2019.11.23-16.51.00:990][580]LogFileHelpers: Editor autosave (incl. sublevels) for all levels took 0.282
[2019.11.23-16.51.00:992][580]OBJ SavePackage: Generating thumbnails for [1] asset(s) in package [/Game/SideScrollerBP/Blueprints/SideScrollerCharacter] ([1] browsable assets)...
[2019.11.23-16.51.01:002][580]OBJ SavePackage:     Rendered thumbnail for [Blueprint /Game/SideScrollerBP/Blueprints/SideScrollerCharacter.SideScrollerCharacter]
[2019.11.23-16.51.01:002][580]OBJ SavePackage: Finished generating thumbnails for package [/Game/SideScrollerBP/Blueprints/SideScrollerCharacter]
[2019.11.23-16.51.01:038][580]LogSavePackage: Moving '../../../../../../Users/adrva/Documents/GitHubProyects/IV_practica/IV_practica/Saved/SideScrollerCharacter_Auto2AE6E231242867B8A175A638E03C6080C.tmp' to '../../../../../../Users/adrva/Documents/GitHubProyects/IV_practica/IV_practica/Saved/Autosaves/Game/SideScrollerBP/Blueprints/SideScrollerCharacter_Auto2.uasset'
[2019.11.23-16.51.01:039][580]OBJ SavePackage: Generating thumbnails for [0] asset(s) in package [/Game/SideScrollerBP/Blueprints/UI_Vida] ([1] browsable assets)...
[2019.11.23-16.51.01:039][580]OBJ SavePackage: Finished generating thumbnails for package [/Game/SideScrollerBP/Blueprints/UI_Vida]
[2019.11.23-16.51.01:051][580]LogSavePackage: Moving '../../../../../../Users/adrva/Documents/GitHubProyects/IV_practica/IV_practica/Saved/UI_Vida_Auto203BD584C422698C48113178C19AE842E.tmp' to '../../../../../../Users/adrva/Documents/GitHubProyects/IV_practica/IV_practica/Saved/Autosaves/Game/SideScrollerBP/Blueprints/UI_Vida_Auto2.uasset'
[2019.11.23-16.51.01:052][580]LogFileHelpers: Auto-saving content packages took 0.062
[2019.11.23-17.00.30:132][774]LogUObjectHash: Compacting FUObjectHashTables data took   3.24ms
[2019.11.23-17.00.31:465][774]LogSlate: Window 'Delete Assets' being destroyed
[2019.11.23-17.00.31:546][774]LogUObjectHash: Compacting FUObjectHashTables data took   1.93ms
[2019.11.23-17.00.40:330][785]LogUObjectHash: Compacting FUObjectHashTables data took   3.79ms
[2019.11.23-17.00.40:375][785]LogMetaData: Removing '/Game/SideScrollerBP/Blueprints/UI_Jugador.SKEL_UI_Jugador_C' ref from Metadata '/Game/SideScrollerBP/Blueprints/UI_Vida.PackageMetaData'
[2019.11.23-17.00.40:375][785]LogMetaData: Removing '/Game/SideScrollerBP/Blueprints/UI_Jugador.UI_Jugador_C' ref from Metadata '/Game/SideScrollerBP/Blueprints/UI_Vida.PackageMetaData'
[2019.11.23-17.00.40:375][785]LogMetaData: Removing '/Game/SideScrollerBP/Blueprints/UI_Jugador.UI_Jugador:EventGraph.K2Node_Event_0' ref from Metadata '/Game/SideScrollerBP/Blueprints/UI_Vida.PackageMetaData'
[2019.11.23-17.00.40:375][785]LogMetaData: Removing '/Game/SideScrollerBP/Blueprints/UI_Jugador.UI_Jugador:EventGraph.K2Node_Event_1' ref from Metadata '/Game/SideScrollerBP/Blueprints/UI_Vida.PackageMetaData'
[2019.11.23-17.00.40:375][785]LogMetaData: Removing '/Game/SideScrollerBP/Blueprints/UI_Jugador.UI_Jugador:EventGraph.K2Node_Event_2' ref from Metadata '/Game/SideScrollerBP/Blueprints/UI_Vida.PackageMetaData'
[2019.11.23-17.00.40:407][785]LogSavePackage: Moving '../../../../../../Users/adrva/Documents/GitHubProyects/IV_practica/IV_practica/Saved/UI_JugadorF999E1414D1A67E8AC9F9C96EC4EFD6C.tmp' to '../../../../../../Users/adrva/Documents/GitHubProyects/IV_practica/IV_practica/Content/SideScrollerBP/Blueprints/UI_Jugador.uasset'
[2019.11.23-17.00.40:578][785]LogUObjectHash: Compacting FUObjectHashTables data took   3.04ms
[2019.11.23-17.00.40:613][785]LogUObjectHash: Compacting FUObjectHashTables data took   2.50ms
[2019.11.23-17.00.40:645][785]LogUObjectHash: Compacting FUObjectHashTables data took   0.89ms
[2019.11.23-17.01.10:614][267]LogEditorTransaction: Undo Move Widget
[2019.11.23-17.01.10:937][300]LogEditorTransaction: Undo Add Widget
[2019.11.23-17.02.22:796][774]LogSlate: Took 0.020546 seconds to synchronously load lazily loaded font '../../../Engine/Content/Slate/Fonts/DroidSansFallback.ttf' (3848K)
[2019.11.23-17.04.15:864][ 31]LogEditorTransaction: Undo Move Widget
[2019.11.23-17.05.27:987][179]LogSlate: FontCache flush requested. Reason: Font Atlases Full; 2/1 Pages; frames since last flush: 108179
[2019.11.23-17.05.27:996][180]LogSlate: Took 0.000249 seconds to synchronously load lazily loaded font '../../../Engine/Content/Slate/Fonts/Roboto-Regular.ttf' (155K)
[2019.11.23-17.05.28:001][180]LogSlate: Took 0.000167 seconds to synchronously load lazily loaded font '../../../Engine/Content/Slate/Fonts/Roboto-Light.ttf' (167K)
[2019.11.23-17.05.28:002][180]LogSlate: Took 0.000118 seconds to synchronously load lazily loaded font '../../../Engine/Content/Slate/Fonts/Roboto-Bold.ttf' (160K)
[2019.11.23-17.05.28:003][180]LogSlate: Took 0.000109 seconds to synchronously load lazily loaded font '../../../Engine/Content/Editor/Slate/Fonts/FontAwesome.ttf' (139K)
[2019.11.23-17.05.28:005][180]LogSlate: Took 0.001021 seconds to synchronously load lazily loaded font '../../../Engine/Content/Slate/Fonts/DroidSansFallback.ttf' (3848K)
[2019.11.23-17.05.28:006][180]LogSlate: Took 0.000194 seconds to synchronously load lazily loaded font '../../../Engine/Content/Slate/Fonts/Roboto-BoldCondensed.ttf' (158K)
[2019.11.23-17.09.20:228][967]LogUObjectHash: Compacting FUObjectHashTables data took   4.68ms
[2019.11.23-17.09.20:459][967]LogSavePackage: Moving '../../../../../../Users/adrva/Documents/GitHubProyects/IV_practica/IV_practica/Saved/SideScrollerExampleMap_Auto342F3C60E4824D973B591B5981D785B38.tmp' to '../../../../../../Users/adrva/Documents/GitHubProyects/IV_practica/IV_practica/Saved/Autosaves/Game/SideScrollerBP/Maps/SideScrollerExampleMap_Auto3.umap'
[2019.11.23-17.09.20:462][967]LogFileHelpers: Editor autosave (incl. sublevels) for '/Game/SideScrollerBP/Maps/SideScrollerExampleMap' took 0.281
[2019.11.23-17.09.20:462][967]LogFileHelpers: Editor autosave (incl. sublevels) for all levels took 0.281
[2019.11.23-17.09.20:464][967]OBJ SavePackage: Generating thumbnails for [1] asset(s) in package [/Game/SideScrollerBP/Blueprints/SideScrollerCharacter] ([1] browsable assets)...
[2019.11.23-17.09.20:475][967]OBJ SavePackage:     Rendered thumbnail for [Blueprint /Game/SideScrollerBP/Blueprints/SideScrollerCharacter.SideScrollerCharacter]
[2019.11.23-17.09.20:475][967]OBJ SavePackage: Finished generating thumbnails for package [/Game/SideScrollerBP/Blueprints/SideScrollerCharacter]
[2019.11.23-17.09.20:509][967]LogSavePackage: Moving '../../../../../../Users/adrva/Documents/GitHubProyects/IV_practica/IV_practica/Saved/SideScrollerCharacter_Auto3B3FF0AF94F31C4714614019ED5BD3F95.tmp' to '../../../../../../Users/adrva/Documents/GitHubProyects/IV_practica/IV_practica/Saved/Autosaves/Game/SideScrollerBP/Blueprints/SideScrollerCharacter_Auto3.uasset'
[2019.11.23-17.09.20:511][967]OBJ SavePackage: Generating thumbnails for [0] asset(s) in package [/Game/SideScrollerBP/Blueprints/UI_Jugador] ([1] browsable assets)...
[2019.11.23-17.09.20:511][967]OBJ SavePackage: Finished generating thumbnails for package [/Game/SideScrollerBP/Blueprints/UI_Jugador]
[2019.11.23-17.09.20:529][967]LogSavePackage: Moving '../../../../../../Users/adrva/Documents/GitHubProyects/IV_practica/IV_practica/Saved/UI_Jugador_Auto3ED1D9883498A393F788D508242D5CF04.tmp' to '../../../../../../Users/adrva/Documents/GitHubProyects/IV_practica/IV_practica/Saved/Autosaves/Game/SideScrollerBP/Blueprints/UI_Jugador_Auto3.uasset'
[2019.11.23-17.09.20:530][967]LogFileHelpers: Auto-saving content packages took 0.066
[2019.11.23-17.10.39:510][752]LogSlate: Took 0.000131 seconds to synchronously load lazily loaded font '../../../Engine/Content/Slate/Fonts/Roboto-Light.ttf' (167K)
[2019.11.23-17.10.50:657][949]LogAssetEditorManager: Opening Asset editor for Blueprint /Game/SideScrollerBP/Blueprints/SideScrollerGameMode.SideScrollerGameMode
[2019.11.23-17.11.24:245][896]LogWorld: UWorld::CleanupWorld for World_6, bSessionEnded=true, bCleanupResources=true
[2019.11.23-17.11.26:283][131]LogAssetEditorManager: Opening Asset editor for Blueprint /Game/SideScrollerBP/Blueprints/SideScrollerGameMode.SideScrollerGameMode
[2019.11.23-17.11.47:543][636]LogWorld: UWorld::CleanupWorld for World_7, bSessionEnded=true, bCleanupResources=true
[2019.11.23-17.12.02:003][316]LogAssetEditorManager: Opening Asset editor for Blueprint /Game/SideScrollerBP/SideScrollerOverview.SideScrollerOverview
[2019.11.23-17.12.04:294][557]LogWorld: UWorld::CleanupWorld for World_9, bSessionEnded=true, bCleanupResources=true
[2019.11.23-17.12.07:223][897]LogAssetEditorManager: Opening Asset editor for StaticMesh /Game/SideScrollerBP/Meshes/Ramp_Mesh.Ramp_Mesh
[2019.11.23-17.12.07:974][897]LogRenderer: Reallocating scene render targets to support 1432x920 Format 10 NumSamples 1 (Frame:1).
[2019.11.23-17.12.07:974][897]LogSlate: Took 0.000246 seconds to synchronously load lazily loaded font '../../../Engine/Content/Slate/Fonts/Roboto-Italic.ttf' (157K)
[2019.11.23-17.12.10:333][172]LogWorld: UWorld::CleanupWorld for World_10, bSessionEnded=true, bCleanupResources=true
[2019.11.23-17.12.29:607][403]LogActorComponent: UnregisterComponent: (/Engine/Transient.EditorFloorComp) Not registered. Aborting.
[2019.11.23-17.12.29:607][403]LogWorld: UWorld::CleanupWorld for World_1, bSessionEnded=true, bCleanupResources=true
[2019.11.23-17.12.31:003][562]LogAssetEditorManager: Opening Asset editor for Blueprint /Game/SideScrollerBP/Blueprints/SideScrollerCharacter.SideScrollerCharacter
[2019.11.23-17.12.34:085][876]LogAssetEditorManager: Opening Asset editor for Blueprint /Game/SideScrollerBP/Blueprints/SideScrollerGameMode.SideScrollerGameMode
[2019.11.23-17.13.31:125][642]LogSlate: Window 'Find in Blueprints' being destroyed
[2019.11.23-17.13.32:226][773]LogWorld: UWorld::CleanupWorld for World_12, bSessionEnded=true, bCleanupResources=true
[2019.11.23-17.14.44:902][437]LogAssetEditorManager: Opening Asset editor for Blueprint /Game/SideScrollerBP/Blueprints/SideScrollerGameMode.SideScrollerGameMode
[2019.11.23-17.15.00:217][233]LogWorld: UWorld::CleanupWorld for World_13, bSessionEnded=true, bCleanupResources=true
[2019.11.23-17.15.00:268][233]LogAssetEditorManager: Opening Asset editor for Blueprint /Game/SideScrollerBP/Blueprints/SideScrollerGameMode.SideScrollerGameMode
[2019.11.23-17.16.02:993][517]LogSlate: Prevented a slow task dialog from being summoned while a context menu was open
[2019.11.23-17.20.19:162][180]LogSavePackage: Moving '../../../../../../Users/adrva/Documents/GitHubProyects/IV_practica/IV_practica/Saved/SideScrollerGameMode3C067D704666C968148F69A806F95BFF.tmp' to '../../../../../../Users/adrva/Documents/GitHubProyects/IV_practica/IV_practica/Content/SideScrollerBP/Blueprints/SideScrollerGameMode.uasset'
[2019.11.23-17.20.19:662][237]BlueprintLog: New page: Compile SideScrollerGameMode
[2019.11.23-17.20.20:015][237]LogUObjectHash: Compacting FUObjectHashTables data took   6.12ms
[2019.11.23-17.20.23:859][693]LogTemp: Repeating last play command: Selected Viewport
[2019.11.23-17.20.23:877][693]LogBlueprintUserMessages: Early PlayInEditor Detection: Level '/Game/SideScrollerBP/Maps/SideScrollerExampleMap.SideScrollerExampleMap:PersistentLevel' has LevelScriptBlueprint '/Game/SideScrollerBP/Maps/SideScrollerExampleMap.SideScrollerExampleMap:PersistentLevel.SideScrollerExampleMap' with GeneratedClass '/Game/SideScrollerBP/Maps/SideScrollerExampleMap.SideScrollerExampleMap_C' with ClassGeneratedBy '/Game/SideScrollerBP/Maps/SideScrollerExampleMap.SideScrollerExampleMap:PersistentLevel.SideScrollerExampleMap'
[2019.11.23-17.20.23:878][693]BlueprintLog: New page: Pre-Play auto-recompile
[2019.11.23-17.20.23:878][693]LogPlayLevel: [PlayLevel] Compiling SideScrollerCharacter before play...
[2019.11.23-17.20.24:151][693]LogPlayLevel: [PlayLevel] Compiling UI_Jugador before play...
[2019.11.23-17.20.24:460][693]LogUObjectHash: Compacting FUObjectHashTables data took   5.10ms
[2019.11.23-17.20.24:460][693]LogPlayLevel: PlayLevel: Blueprint regeneration took 582 ms (2 blueprints)
[2019.11.23-17.20.24:460][693]PIE: New page: PIE session: SideScrollerExampleMap (23/11/2019 19:20:24)
[2019.11.23-17.20.24:460][693]LogPlayLevel: Creating play world package: /Game/SideScrollerBP/Maps/UEDPIE_0_SideScrollerExampleMap
[2019.11.23-17.20.24:472][693]LogPlayLevel: PIE: StaticDuplicateObject took: (0.011550s)
[2019.11.23-17.20.24:473][693]LogAIModule: Creating AISystem for world SideScrollerExampleMap
[2019.11.23-17.20.24:474][693]LogPlayLevel: PIE: World Init took: (0.001521s)
[2019.11.23-17.20.24:474][693]LogPlayLevel: PIE: Created PIE world by copying editor world from /Game/SideScrollerBP/Maps/SideScrollerExampleMap.SideScrollerExampleMap to /Game/SideScrollerBP/Maps/UEDPIE_0_SideScrollerExampleMap.SideScrollerExampleMap (0.013214s)
[2019.11.23-17.20.24:515][693]LogUObjectHash: Compacting FUObjectHashTables data took   2.96ms
[2019.11.23-17.20.24:539][693]LogInit: XAudio2 using 'Altavoces (Realtek High Definition Audio)' : 2 channels at 48 kHz using 32 bits per sample (channel mask 0x3)
[2019.11.23-17.20.24:594][693]LogInit: FAudioDevice initialized.
[2019.11.23-17.20.24:601][693]LogLoad: Game class is 'SideScrollerGameMode_C'
[2019.11.23-17.20.24:603][693]LogWorld: Bringing World /Game/SideScrollerBP/Maps/UEDPIE_0_SideScrollerExampleMap.SideScrollerExampleMap up for play (max tick rate 0) at 2019.11.23-18.20.24
[2019.11.23-17.20.24:603][693]LogWorld: Bringing up level for play took: 0.001566
[2019.11.23-17.20.24:603][693]LogOnline: OSS: Creating online subsystem instance for: :Context_18
[2019.11.23-17.20.24:606][693]PIE: Play in editor start time for /Game/SideScrollerBP/Maps/UEDPIE_0_SideScrollerExampleMap 1,43
[2019.11.23-17.20.24:606][693]LogBlueprintUserMessages: Late PlayInEditor Detection: Level '/Game/SideScrollerBP/Maps/SideScrollerExampleMap.SideScrollerExampleMap:PersistentLevel' has LevelScriptBlueprint '/Game/SideScrollerBP/Maps/SideScrollerExampleMap.SideScrollerExampleMap:PersistentLevel.SideScrollerExampleMap' with GeneratedClass '/Game/SideScrollerBP/Maps/SideScrollerExampleMap.SideScrollerExampleMap_C' with ClassGeneratedBy '/Game/SideScrollerBP/Maps/SideScrollerExampleMap.SideScrollerExampleMap:PersistentLevel.SideScrollerExampleMap'
[2019.11.23-17.21.16:298][741]LogSlate: FSceneViewport::OnFocusLost() reason 0
[2019.11.23-17.21.39:438][494]LogBlueprintUserMessages: Early EndPlayMap Detection: Level '/Game/SideScrollerBP/Maps/SideScrollerExampleMap.SideScrollerExampleMap:PersistentLevel' has LevelScriptBlueprint '/Game/SideScrollerBP/Maps/SideScrollerExampleMap.SideScrollerExampleMap:PersistentLevel.SideScrollerExampleMap' with GeneratedClass '/Game/SideScrollerBP/Maps/SideScrollerExampleMap.SideScrollerExampleMap_C' with ClassGeneratedBy '/Game/SideScrollerBP/Maps/SideScrollerExampleMap.SideScrollerExampleMap:PersistentLevel.SideScrollerExampleMap'
[2019.11.23-17.21.39:439][494]LogSlate: Updating window title bar state: overlay mode, drag disabled, window buttons hidden, title bar hidden
[2019.11.23-17.21.39:439][494]LogWorld: BeginTearingDown for /Game/SideScrollerBP/Maps/UEDPIE_0_SideScrollerExampleMap
[2019.11.23-17.21.39:439][494]LogWorld: UWorld::CleanupWorld for SideScrollerExampleMap, bSessionEnded=true, bCleanupResources=true
[2019.11.23-17.21.39:451][494]LogPlayLevel: Display: Shutting down PIE online subsystems
[2019.11.23-17.21.39:452][494]LogBlueprintUserMessages: Late EndPlayMap Detection: Level '/Game/SideScrollerBP/Maps/SideScrollerExampleMap.SideScrollerExampleMap:PersistentLevel' has LevelScriptBlueprint '/Game/SideScrollerBP/Maps/SideScrollerExampleMap.SideScrollerExampleMap:PersistentLevel.SideScrollerExampleMap' with GeneratedClass '/Game/SideScrollerBP/Maps/SideScrollerExampleMap.SideScrollerExampleMap_C' with ClassGeneratedBy '/Game/SideScrollerBP/Maps/SideScrollerExampleMap.SideScrollerExampleMap:PersistentLevel.SideScrollerExampleMap'
[2019.11.23-17.21.39:495][494]LogSlate: Updating window title bar state: overlay mode, drag disabled, window buttons hidden, title bar hidden
[2019.11.23-17.21.39:500][494]LogUObjectHash: Compacting FUObjectHashTables data took   3.89ms
[2019.11.23-17.21.39:547][496]LogPlayLevel: Display: Destroying online subsystem :Context_18
[2019.11.23-17.21.40:392][596]LogSlate: FSceneViewport::OnFocusLost() reason 0
[2019.11.23-17.24.28:921][475]LogSlate: Took 0.000183 seconds to synchronously load lazily loaded font '../../../Engine/Content/Slate/Fonts/Roboto-BoldCondensedItalic.ttf' (160K)
[2019.11.23-17.24.35:928][709]LogSlate: Window 'Change Variable Type' being destroyed
[2019.11.23-17.24.39:143][ 81]LogSlate: Window 'Find in Blueprints' being destroyed
[2019.11.23-17.24.39:146][ 81]LogSlate: Window 'Find in Blueprints' being destroyed
[2019.11.23-17.25.25:818][650]LogSavePackage: Moving '../../../../../../Users/adrva/Documents/GitHubProyects/IV_practica/IV_practica/Saved/SideScrollerGameMode21BEC9F14C54154D583C2AB2F6FF2634.tmp' to '../../../../../../Users/adrva/Documents/GitHubProyects/IV_practica/IV_practica/Content/SideScrollerBP/Blueprints/SideScrollerGameMode.uasset'
[2019.11.23-17.25.26:204][692]BlueprintLog: New page: Compile SideScrollerGameMode
[2019.11.23-17.25.26:447][692]LogUObjectHash: Compacting FUObjectHashTables data took   5.24ms
[2019.11.23-17.25.38:576][142]BlueprintLog: New page: Compile SideScrollerGameMode
[2019.11.23-17.25.38:814][142]LogUObjectHash: Compacting FUObjectHashTables data took   4.79ms
[2019.11.23-17.26.16:200][821]LogUObjectHash: Compacting FUObjectHashTables data took   4.84ms
[2019.11.23-17.26.16:442][821]LogSavePackage: Moving '../../../../../../Users/adrva/Documents/GitHubProyects/IV_practica/IV_practica/Saved/SideScrollerExampleMap_Auto41846C81145D706CB0AAD7D9CD17F6069.tmp' to '../../../../../../Users/adrva/Documents/GitHubProyects/IV_practica/IV_practica/Saved/Autosaves/Game/SideScrollerBP/Maps/SideScrollerExampleMap_Auto4.umap'
[2019.11.23-17.26.16:445][821]LogFileHelpers: Editor autosave (incl. sublevels) for '/Game/SideScrollerBP/Maps/SideScrollerExampleMap' took 0.289
[2019.11.23-17.26.16:445][821]LogFileHelpers: Editor autosave (incl. sublevels) for all levels took 0.289
[2019.11.23-17.26.16:448][821]OBJ SavePackage: Generating thumbnails for [0] asset(s) in package [/Game/SideScrollerBP/Blueprints/SideScrollerGameMode] ([1] browsable assets)...
[2019.11.23-17.26.16:448][821]OBJ SavePackage: Finished generating thumbnails for package [/Game/SideScrollerBP/Blueprints/SideScrollerGameMode]
[2019.11.23-17.26.16:466][821]LogSavePackage: Moving '../../../../../../Users/adrva/Documents/GitHubProyects/IV_practica/IV_practica/Saved/SideScrollerGameMode_Auto4CDF0E945441887418DAABEBABE55D142.tmp' to '../../../../../../Users/adrva/Documents/GitHubProyects/IV_practica/IV_practica/Saved/Autosaves/Game/SideScrollerBP/Blueprints/SideScrollerGameMode_Auto4.uasset'
[2019.11.23-17.26.16:467][821]LogFileHelpers: Auto-saving content packages took 0.020
[2019.11.23-17.27.10:076][709]BlueprintLog: New page: Compile SideScrollerGameMode
[2019.11.23-17.27.10:311][709]LogUObjectHash: Compacting FUObjectHashTables data took   4.43ms
[2019.11.23-17.27.58:783][481]LogEditorTransaction: Undo Move Node
[2019.11.23-17.31.23:803][312]BlueprintLog: New page: Compile UI_Jugador
[2019.11.23-17.31.24:067][312]LogUObjectHash: Compacting FUObjectHashTables data took   5.15ms
[2019.11.23-17.34.39:868][246]LogSavePackage: Moving '../../../../../../Users/adrva/Documents/GitHubProyects/IV_practica/IV_practica/Saved/UI_Jugador5E272A8E4FAC39C3EDD25CB1052309AC.tmp' to '../../../../../../Users/adrva/Documents/GitHubProyects/IV_practica/IV_practica/Content/SideScrollerBP/Blueprints/UI_Jugador.uasset'
[2019.11.23-17.34.40:729][346]BlueprintLog: New page: Compile UI_Jugador
[2019.11.23-17.34.40:977][346]LogUObjectHash: Compacting FUObjectHashTables data took   5.00ms
[2019.11.23-17.35.51:008][ 24]LogEditorTransaction: Undo Delete current selection
[2019.11.23-17.35.56:399][664]LogEditorTransaction: Undo Move Node
[2019.11.23-17.35.57:016][735]LogEditorTransaction: Undo Add Node
[2019.11.23-17.35.57:379][777]LogEditorTransaction: Undo Delete current selection
[2019.11.23-17.37.54:786][729]LogEditorTransaction: Undo Move Nodes
[2019.11.23-17.38.29:997][ 29]LogSavePackage: Moving '../../../../../../Users/adrva/Documents/GitHubProyects/IV_practica/IV_practica/Saved/SideScrollerGameModeC956C1F64F55F4BB3804F9B8BFACA042.tmp' to '../../../../../../Users/adrva/Documents/GitHubProyects/IV_practica/IV_practica/Content/SideScrollerBP/Blueprints/SideScrollerGameMode.uasset'
[2019.11.23-17.38.30:791][120]BlueprintLog: New page: Compile SideScrollerGameMode
[2019.11.23-17.38.30:794][120]LogBlueprint: Error: [Compiler SideScrollerGameMode] The property associated with  Vida Interfaz  could not be found in '/Game/SideScrollerBP/Blueprints/SideScrollerGameMode.SideScrollerGameMode_C'
[2019.11.23-17.38.31:044][120]LogUObjectHash: Compacting FUObjectHashTables data took   5.12ms
[2019.11.23-17.38.34:396][514]LogTemp: Repeating last play command: Selected Viewport
[2019.11.23-17.38.34:429][514]LogBlueprintUserMessages: Early PlayInEditor Detection: Level '/Game/SideScrollerBP/Maps/SideScrollerExampleMap.SideScrollerExampleMap:PersistentLevel' has LevelScriptBlueprint '/Game/SideScrollerBP/Maps/SideScrollerExampleMap.SideScrollerExampleMap:PersistentLevel.SideScrollerExampleMap' with GeneratedClass '/Game/SideScrollerBP/Maps/SideScrollerExampleMap.SideScrollerExampleMap_C' with ClassGeneratedBy '/Game/SideScrollerBP/Maps/SideScrollerExampleMap.SideScrollerExampleMap:PersistentLevel.SideScrollerExampleMap'
[2019.11.23-17.38.34:429][514]BlueprintLog: Warning: Blueprint failed to compile:  SideScrollerGameMode
[2019.11.23-17.38.34:429][514]BlueprintLog: New page: Pre-Play auto-recompile
[2019.11.23-17.38.34:434][514]LogPlayLevel: [PlayLevel] Compiling UI_Jugador before play...
[2019.11.23-17.38.34:684][514]LogUObjectHash: Compacting FUObjectHashTables data took   4.88ms
[2019.11.23-17.38.34:684][514]LogPlayLevel: PlayLevel: Blueprint regeneration took 255 ms (1 blueprints)
[2019.11.23-17.38.34:685][514]LogCustomDialog: Dialog displayed:
[2019.11.23-17.38.38:062][514]LogSlate: Window 'Blueprint Compilation Errors' being destroyed
[2019.11.23-17.38.54:468][471]LogSavePackage: Moving '../../../../../../Users/adrva/Documents/GitHubProyects/IV_practica/IV_practica/Saved/UI_Jugador319057644D63CC6F5CFEF086E2E409E1.tmp' to '../../../../../../Users/adrva/Documents/GitHubProyects/IV_practica/IV_practica/Content/SideScrollerBP/Blueprints/UI_Jugador.uasset'
[2019.11.23-17.38.54:941][526]BlueprintLog: New page: Compile UI_Jugador
[2019.11.23-17.38.55:187][526]LogUObjectHash: Compacting FUObjectHashTables data took   4.00ms
[2019.11.23-17.38.58:011][851]LogSavePackage: Moving '../../../../../../Users/adrva/Documents/GitHubProyects/IV_practica/IV_practica/Saved/SideScrollerGameMode59CB98F1416134ABE93C2894BE84F6D9.tmp' to '../../../../../../Users/adrva/Documents/GitHubProyects/IV_practica/IV_practica/Content/SideScrollerBP/Blueprints/SideScrollerGameMode.uasset'
[2019.11.23-17.38.58:481][905]BlueprintLog: New page: Compile SideScrollerGameMode
[2019.11.23-17.38.58:721][905]LogUObjectHash: Compacting FUObjectHashTables data took   5.42ms
[2019.11.23-17.39.03:136][429]LogTemp: Repeating last play command: Selected Viewport
[2019.11.23-17.39.03:153][429]LogBlueprintUserMessages: Early PlayInEditor Detection: Level '/Game/SideScrollerBP/Maps/SideScrollerExampleMap.SideScrollerExampleMap:PersistentLevel' has LevelScriptBlueprint '/Game/SideScrollerBP/Maps/SideScrollerExampleMap.SideScrollerExampleMap:PersistentLevel.SideScrollerExampleMap' with GeneratedClass '/Game/SideScrollerBP/Maps/SideScrollerExampleMap.SideScrollerExampleMap_C' with ClassGeneratedBy '/Game/SideScrollerBP/Maps/SideScrollerExampleMap.SideScrollerExampleMap:PersistentLevel.SideScrollerExampleMap'
[2019.11.23-17.39.03:153][429]LogPlayLevel: PlayLevel: No blueprints needed recompiling
[2019.11.23-17.39.03:153][429]PIE: New page: PIE session: SideScrollerExampleMap (23/11/2019 19:39:03)
[2019.11.23-17.39.03:153][429]LogPlayLevel: Creating play world package: /Game/SideScrollerBP/Maps/UEDPIE_0_SideScrollerExampleMap
[2019.11.23-17.39.03:165][429]LogPlayLevel: PIE: StaticDuplicateObject took: (0.011516s)
[2019.11.23-17.39.03:166][429]LogAIModule: Creating AISystem for world SideScrollerExampleMap
[2019.11.23-17.39.03:166][429]LogPlayLevel: PIE: World Init took: (0.001215s)
[2019.11.23-17.39.03:166][429]LogPlayLevel: PIE: Created PIE world by copying editor world from /Game/SideScrollerBP/Maps/SideScrollerExampleMap.SideScrollerExampleMap to /Game/SideScrollerBP/Maps/UEDPIE_0_SideScrollerExampleMap.SideScrollerExampleMap (0.012911s)
[2019.11.23-17.39.03:207][429]LogUObjectHash: Compacting FUObjectHashTables data took   4.72ms
[2019.11.23-17.39.03:232][429]LogInit: XAudio2 using 'Altavoces (Realtek High Definition Audio)' : 2 channels at 48 kHz using 32 bits per sample (channel mask 0x3)
[2019.11.23-17.39.03:287][429]LogInit: FAudioDevice initialized.
[2019.11.23-17.39.03:298][429]LogLoad: Game class is 'SideScrollerGameMode_C'
[2019.11.23-17.39.03:301][429]LogWorld: Bringing World /Game/SideScrollerBP/Maps/UEDPIE_0_SideScrollerExampleMap.SideScrollerExampleMap up for play (max tick rate 0) at 2019.11.23-18.39.03
[2019.11.23-17.39.03:301][429]LogWorld: Bringing up level for play took: 0.001888
[2019.11.23-17.39.03:302][429]LogOnline: OSS: Creating online subsystem instance for: :Context_19
[2019.11.23-17.39.03:304][429]PIE: Play in editor start time for /Game/SideScrollerBP/Maps/UEDPIE_0_SideScrollerExampleMap 0,128
[2019.11.23-17.39.03:304][429]LogBlueprintUserMessages: Late PlayInEditor Detection: Level '/Game/SideScrollerBP/Maps/SideScrollerExampleMap.SideScrollerExampleMap:PersistentLevel' has LevelScriptBlueprint '/Game/SideScrollerBP/Maps/SideScrollerExampleMap.SideScrollerExampleMap:PersistentLevel.SideScrollerExampleMap' with GeneratedClass '/Game/SideScrollerBP/Maps/SideScrollerExampleMap.SideScrollerExampleMap_C' with ClassGeneratedBy '/Game/SideScrollerBP/Maps/SideScrollerExampleMap.SideScrollerExampleMap:PersistentLevel.SideScrollerExampleMap'
[2019.11.23-17.39.14:788][798]LogBlueprintUserMessages: Early EndPlayMap Detection: Level '/Game/SideScrollerBP/Maps/SideScrollerExampleMap.SideScrollerExampleMap:PersistentLevel' has LevelScriptBlueprint '/Game/SideScrollerBP/Maps/SideScrollerExampleMap.SideScrollerExampleMap:PersistentLevel.SideScrollerExampleMap' with GeneratedClass '/Game/SideScrollerBP/Maps/SideScrollerExampleMap.SideScrollerExampleMap_C' with ClassGeneratedBy '/Game/SideScrollerBP/Maps/SideScrollerExampleMap.SideScrollerExampleMap:PersistentLevel.SideScrollerExampleMap'
[2019.11.23-17.39.14:788][798]LogSlate: Updating window title bar state: overlay mode, drag disabled, window buttons hidden, title bar hidden
[2019.11.23-17.39.14:788][798]LogWorld: BeginTearingDown for /Game/SideScrollerBP/Maps/UEDPIE_0_SideScrollerExampleMap
[2019.11.23-17.39.14:788][798]LogWorld: UWorld::CleanupWorld for SideScrollerExampleMap, bSessionEnded=true, bCleanupResources=true
[2019.11.23-17.39.14:802][798]LogPlayLevel: Display: Shutting down PIE online subsystems
[2019.11.23-17.39.14:802][798]LogBlueprintUserMessages: Late EndPlayMap Detection: Level '/Game/SideScrollerBP/Maps/SideScrollerExampleMap.SideScrollerExampleMap:PersistentLevel' has LevelScriptBlueprint '/Game/SideScrollerBP/Maps/SideScrollerExampleMap.SideScrollerExampleMap:PersistentLevel.SideScrollerExampleMap' with GeneratedClass '/Game/SideScrollerBP/Maps/SideScrollerExampleMap.SideScrollerExampleMap_C' with ClassGeneratedBy '/Game/SideScrollerBP/Maps/SideScrollerExampleMap.SideScrollerExampleMap:PersistentLevel.SideScrollerExampleMap'
[2019.11.23-17.39.14:845][798]LogSlate: Updating window title bar state: overlay mode, drag disabled, window buttons hidden, title bar hidden
[2019.11.23-17.39.14:849][798]LogUObjectHash: Compacting FUObjectHashTables data took   3.45ms
[2019.11.23-17.39.14:890][800]LogPlayLevel: Display: Destroying online subsystem :Context_19
[2019.11.23-17.39.15:311][850]LogSlate: FSceneViewport::OnFocusLost() reason 0
[2019.11.23-17.44.21:997][517]LogUObjectHash: Compacting FUObjectHashTables data took   3.23ms
[2019.11.23-17.44.21:998][517]LogFileHelpers: Editor autosave (incl. sublevels) for '/Game/SideScrollerBP/Maps/SideScrollerExampleMap' took 0.046
[2019.11.23-17.44.21:999][517]OBJ SavePackage: Generating thumbnails for [0] asset(s) in package [/Game/SideScrollerBP/Blueprints/UI_Jugador] ([1] browsable assets)...
[2019.11.23-17.44.21:999][517]OBJ SavePackage: Finished generating thumbnails for package [/Game/SideScrollerBP/Blueprints/UI_Jugador]
[2019.11.23-17.44.22:030][517]LogSavePackage: Moving '../../../../../../Users/adrva/Documents/GitHubProyects/IV_practica/IV_practica/Saved/UI_Jugador_Auto5C0D6F4E4436295EC1AB64A867AF22062.tmp' to '../../../../../../Users/adrva/Documents/GitHubProyects/IV_practica/IV_practica/Saved/Autosaves/Game/SideScrollerBP/Blueprints/UI_Jugador_Auto5.uasset'
[2019.11.23-17.44.22:031][517]OBJ SavePackage: Generating thumbnails for [0] asset(s) in package [/Game/SideScrollerBP/Blueprints/SideScrollerGameMode] ([1] browsable assets)...
[2019.11.23-17.44.22:031][517]OBJ SavePackage: Finished generating thumbnails for package [/Game/SideScrollerBP/Blueprints/SideScrollerGameMode]
[2019.11.23-17.44.22:056][517]LogSavePackage: Moving '../../../../../../Users/adrva/Documents/GitHubProyects/IV_practica/IV_practica/Saved/SideScrollerGameMode_Auto50ED0316F4963BC72AD602988E510AAA6.tmp' to '../../../../../../Users/adrva/Documents/GitHubProyects/IV_practica/IV_practica/Saved/Autosaves/Game/SideScrollerBP/Blueprints/SideScrollerGameMode_Auto5.uasset'
[2019.11.23-17.44.22:057][517]LogFileHelpers: Auto-saving content packages took 0.058
